TN:
SF:app/api/account/restore/route.ts
FN:12,POST
FN:20,(anonymous_1)
FN:23,(anonymous_2)
FN:26,(anonymous_3)
FNF:4
FNH:0
FNDA:0,POST
FNDA:0,(anonymous_1)
FNDA:0,(anonymous_2)
FNDA:0,(anonymous_3)
DA:13,0
DA:15,0
DA:21,0
DA:24,0
DA:27,0
DA:35,0
DA:37,0
DA:38,0
DA:42,0
DA:47,0
DA:48,0
DA:51,0
LF:12
LH:0
BRDA:37,0,0,0
BRDA:37,0,1,0
BRDA:47,1,0,0
BRDA:47,1,1,0
BRF:4
BRH:0
end_of_record
TN:
SF:app/api/admin 2/feedback/route.ts
FN:6,isAdmin
FN:23,PATCH
FN:75,GET
FN:212,(anonymous_3)
FNF:4
FNH:0
FNDA:0,isAdmin
FNDA:0,PATCH
FNDA:0,GET
FNDA:0,(anonymous_3)
DA:4,0
DA:7,0
DA:8,0
DA:11,0
DA:12,0
DA:17,0
DA:24,0
DA:28,0
DA:30,0
DA:31,0
DA:34,0
DA:35,0
DA:41,0
DA:42,0
DA:48,0
DA:49,0
DA:52,0
DA:53,0
DA:59,0
DA:62,0
DA:67,0
DA:68,0
DA:69,0
DA:72,0
DA:76,0
DA:80,0
DA:82,0
DA:83,0
DA:96,0
DA:98,0
DA:103,0
DA:108,0
DA:113,0
DA:114,0
DA:116,0
DA:117,0
DA:118,0
DA:120,0
DA:121,0
DA:122,0
DA:124,0
DA:125,0
DA:126,0
DA:129,0
DA:130,0
DA:132,0
DA:137,0
DA:138,0
DA:142,0
DA:143,0
DA:145,0
DA:150,0
DA:151,0
DA:155,0
DA:156,0
DA:175,0
DA:176,0
DA:193,0
DA:194,0
DA:212,0
DA:214,0
LF:61
LH:0
BRDA:7,0,0,0
BRDA:7,0,1,0
BRDA:8,1,0,0
BRDA:8,1,1,0
BRDA:30,2,0,0
BRDA:30,2,1,0
BRDA:30,3,0,0
BRDA:30,3,1,0
BRDA:41,4,0,0
BRDA:41,4,1,0
BRDA:41,5,0,0
BRDA:41,5,1,0
BRDA:48,6,0,0
BRDA:48,6,1,0
BRDA:52,7,0,0
BRDA:52,7,1,0
BRDA:52,8,0,0
BRDA:52,8,1,0
BRDA:67,9,0,0
BRDA:67,9,1,0
BRDA:82,10,0,0
BRDA:82,10,1,0
BRDA:82,11,0,0
BRDA:82,11,1,0
BRDA:116,12,0,0
BRDA:116,12,1,0
BRDA:120,13,0,0
BRDA:120,13,1,0
BRDA:124,14,0,0
BRDA:124,14,1,0
BRDA:130,15,0,0
BRDA:130,15,1,0
BRDA:137,16,0,0
BRDA:137,16,1,0
BRDA:138,17,0,0
BRDA:138,17,1,0
BRDA:143,18,0,0
BRDA:143,18,1,0
BRDA:150,19,0,0
BRDA:150,19,1,0
BRDA:151,20,0,0
BRDA:151,20,1,0
BRDA:155,21,0,0
BRDA:155,21,1,0
BRDA:160,22,0,0
BRDA:160,22,1,0
BRDA:161,23,0,0
BRDA:161,23,1,0
BRDA:175,24,0,0
BRDA:175,24,1,0
BRDA:180,25,0,0
BRDA:180,25,1,0
BRDA:181,26,0,0
BRDA:181,26,1,0
BRDA:193,27,0,0
BRDA:193,27,1,0
BRDA:198,28,0,0
BRDA:198,28,1,0
BRDA:199,29,0,0
BRDA:199,29,1,0
BRF:60
BRH:0
end_of_record
TN:
SF:app/api/admin/cache-flush/route.ts
FN:7,(anonymous_0)
FNF:1
FNH:0
FNDA:0,(anonymous_0)
DA:7,0
DA:8,0
DA:10,0
DA:11,0
DA:16,0
DA:17,0
DA:18,0
DA:27,0
DA:28,0
DA:31,0
DA:33,0
DA:34,0
DA:35,0
DA:36,0
DA:39,0
DA:40,0
DA:41,0
DA:42,0
DA:44,0
DA:47,0
DA:49,0
LF:21
LH:0
BRDA:17,0,0,0
BRDA:17,0,1,0
BRDA:31,1,0,0
BRDA:31,1,1,0
BRF:4
BRH:0
end_of_record
TN:
SF:app/api/admin/feedback/route.ts
FN:6,isAdmin
FN:23,PATCH
FN:75,GET
FN:212,(anonymous_3)
FNF:4
FNH:0
FNDA:0,isAdmin
FNDA:0,PATCH
FNDA:0,GET
FNDA:0,(anonymous_3)
DA:4,0
DA:7,0
DA:8,0
DA:11,0
DA:12,0
DA:17,0
DA:24,0
DA:28,0
DA:30,0
DA:31,0
DA:34,0
DA:35,0
DA:41,0
DA:42,0
DA:48,0
DA:49,0
DA:52,0
DA:53,0
DA:59,0
DA:62,0
DA:67,0
DA:68,0
DA:69,0
DA:72,0
DA:76,0
DA:80,0
DA:82,0
DA:83,0
DA:96,0
DA:98,0
DA:103,0
DA:108,0
DA:113,0
DA:114,0
DA:116,0
DA:117,0
DA:118,0
DA:120,0
DA:121,0
DA:122,0
DA:124,0
DA:125,0
DA:126,0
DA:129,0
DA:130,0
DA:132,0
DA:137,0
DA:138,0
DA:142,0
DA:143,0
DA:145,0
DA:150,0
DA:151,0
DA:155,0
DA:156,0
DA:175,0
DA:176,0
DA:193,0
DA:194,0
DA:212,0
DA:214,0
LF:61
LH:0
BRDA:7,0,0,0
BRDA:7,0,1,0
BRDA:8,1,0,0
BRDA:8,1,1,0
BRDA:30,2,0,0
BRDA:30,2,1,0
BRDA:30,3,0,0
BRDA:30,3,1,0
BRDA:41,4,0,0
BRDA:41,4,1,0
BRDA:41,5,0,0
BRDA:41,5,1,0
BRDA:48,6,0,0
BRDA:48,6,1,0
BRDA:52,7,0,0
BRDA:52,7,1,0
BRDA:52,8,0,0
BRDA:52,8,1,0
BRDA:67,9,0,0
BRDA:67,9,1,0
BRDA:82,10,0,0
BRDA:82,10,1,0
BRDA:82,11,0,0
BRDA:82,11,1,0
BRDA:116,12,0,0
BRDA:116,12,1,0
BRDA:120,13,0,0
BRDA:120,13,1,0
BRDA:124,14,0,0
BRDA:124,14,1,0
BRDA:130,15,0,0
BRDA:130,15,1,0
BRDA:137,16,0,0
BRDA:137,16,1,0
BRDA:138,17,0,0
BRDA:138,17,1,0
BRDA:143,18,0,0
BRDA:143,18,1,0
BRDA:150,19,0,0
BRDA:150,19,1,0
BRDA:151,20,0,0
BRDA:151,20,1,0
BRDA:155,21,0,0
BRDA:155,21,1,0
BRDA:160,22,0,0
BRDA:160,22,1,0
BRDA:161,23,0,0
BRDA:161,23,1,0
BRDA:175,24,0,0
BRDA:175,24,1,0
BRDA:180,25,0,0
BRDA:180,25,1,0
BRDA:181,26,0,0
BRDA:181,26,1,0
BRDA:193,27,0,0
BRDA:193,27,1,0
BRDA:198,28,0,0
BRDA:198,28,1,0
BRDA:199,29,0,0
BRDA:199,29,1,0
BRF:60
BRH:0
end_of_record
TN:
SF:app/api/auth/signout/route.ts
FN:6,POST
FN:15,(anonymous_1)
FN:18,(anonymous_2)
FN:21,(anonymous_3)
FNF:4
FNH:1
FNDA:2,POST
FNDA:0,(anonymous_1)
FNDA:0,(anonymous_2)
FNDA:0,(anonymous_3)
DA:7,2
DA:8,2
DA:10,2
DA:16,0
DA:19,0
DA:22,0
DA:28,2
DA:30,2
LF:8
LH:5
BRF:0
BRH:0
end_of_record
TN:
SF:app/api/brief-metadata/[id]/route.ts
FN:28,GET
FN:89,(anonymous_1)
FN:90,(anonymous_2)
FNF:3
FNH:0
FNDA:0,GET
FNDA:0,(anonymous_1)
FNDA:0,(anonymous_2)
DA:32,0
DA:34,0
DA:42,0
DA:43,0
DA:44,0
DA:45,0
DA:46,0
DA:49,0
DA:62,0
DA:64,0
DA:65,0
DA:66,0
DA:67,0
DA:70,0
DA:71,0
DA:72,0
DA:73,0
DA:77,0
DA:78,0
DA:79,0
DA:80,0
DA:81,0
DA:82,0
DA:85,0
DA:86,0
DA:88,0
DA:89,0
DA:90,0
DA:91,0
DA:92,0
DA:93,0
DA:94,0
DA:96,0
DA:97,0
DA:99,0
DA:102,0
DA:105,0
DA:106,0
DA:109,0
DA:110,0
DA:111,0
DA:115,0
DA:117,0
DA:118,0
DA:122,0
DA:123,0
DA:124,0
DA:125,0
DA:126,0
DA:128,0
DA:129,0
DA:131,0
DA:164,0
DA:169,0
LF:54
LH:0
BRDA:62,0,0,0
BRDA:62,0,1,0
BRDA:70,1,0,0
BRDA:70,1,1,0
BRDA:72,2,0,0
BRDA:72,2,1,0
BRDA:79,3,0,0
BRDA:79,3,1,0
BRDA:82,4,0,0
BRDA:82,4,1,0
BRDA:86,5,0,0
BRDA:86,5,1,0
BRDA:88,6,0,0
BRDA:88,6,1,0
BRDA:91,7,0,0
BRDA:91,7,1,0
BRDA:92,8,0,0
BRDA:92,8,1,0
BRDA:94,9,0,0
BRDA:94,9,1,0
BRDA:96,10,0,0
BRDA:96,10,1,0
BRDA:97,11,0,0
BRDA:97,11,1,0
BRDA:109,12,0,0
BRDA:109,12,1,0
BRDA:115,13,0,0
BRDA:115,13,1,0
BRDA:117,14,0,0
BRDA:117,14,1,0
BRDA:125,15,0,0
BRDA:125,15,1,0
BRDA:166,16,0,0
BRDA:166,16,1,0
BRDA:170,17,0,0
BRDA:170,17,1,0
BRDA:170,18,0,0
BRDA:170,18,1,0
BRF:38
BRH:0
end_of_record
TN:
SF:app/api/briefs/route.ts
FN:22,getSupabaseClient
FN:29,GET
FN:67,(anonymous_2)
FN:71,(anonymous_3)
FNF:4
FNH:4
FNDA:14,getSupabaseClient
FNDA:15,GET
FNDA:2,(anonymous_2)
FNDA:2,(anonymous_3)
DA:20,1
DA:23,14
DA:30,15
DA:31,15
DA:33,15
DA:43,15
DA:45,15
DA:46,1
DA:52,14
DA:54,14
DA:56,14
DA:61,14
DA:62,1
DA:66,14
DA:67,2
DA:68,1
DA:71,2
DA:72,1
DA:77,14
DA:78,1
DA:82,14
DA:83,1
DA:86,1
DA:88,1
DA:89,1
DA:91,0
DA:92,0
DA:94,0
DA:95,0
DA:97,0
DA:100,1
DA:104,14
DA:106,1
DA:107,1
DA:109,1
DA:110,1
DA:112,1
DA:113,1
DA:116,11
DA:117,11
DA:121,14
DA:123,14
DA:125,14
DA:126,1
DA:127,1
DA:133,13
DA:134,15
DA:136,15
DA:149,0
DA:150,0
LF:50
LH:43
BRDA:25,0,0,14
BRDA:25,0,1,0
BRDA:34,1,0,15
BRDA:34,1,1,14
BRDA:35,2,0,15
BRDA:35,2,1,14
BRDA:36,3,0,15
BRDA:36,3,1,13
BRDA:37,4,0,15
BRDA:37,4,1,11
BRDA:38,5,0,15
BRDA:38,5,1,14
BRDA:39,6,0,15
BRDA:39,6,1,12
BRDA:40,7,0,15
BRDA:40,7,1,14
BRDA:45,8,0,1
BRDA:45,8,1,14
BRDA:61,9,0,1
BRDA:61,9,1,13
BRDA:61,10,0,14
BRDA:61,10,1,1
BRDA:66,11,0,1
BRDA:66,11,1,13
BRDA:66,12,0,14
BRDA:66,12,1,1
BRDA:68,13,0,1
BRDA:68,13,1,0
BRDA:77,14,0,1
BRDA:77,14,1,13
BRDA:82,15,0,1
BRDA:82,15,1,13
BRDA:82,16,0,14
BRDA:82,16,1,14
BRDA:86,17,0,1
BRDA:86,17,1,0
BRDA:86,17,2,0
BRDA:86,17,3,0
BRDA:104,18,0,14
BRDA:104,18,1,1
BRDA:104,18,2,1
BRDA:104,18,3,11
BRDA:104,18,4,11
BRDA:125,19,0,1
BRDA:125,19,1,13
BRDA:133,20,0,13
BRDA:133,20,1,0
BRDA:134,21,0,15
BRDA:134,21,1,0
BRDA:138,22,0,15
BRDA:138,22,1,0
BRF:51
BRH:43
end_of_record
TN:
SF:app/api/briefs 2/[id]/propose-edit/route.ts
FN:15,POST
FN:102,(anonymous_1)
FNF:2
FNH:0
FNDA:0,POST
FNDA:0,(anonymous_1)
DA:5,0
DA:19,0
DA:20,0
DA:24,0
DA:26,0
DA:27,0
DA:31,0
DA:32,0
DA:34,0
DA:37,0
DA:38,0
DA:41,0
DA:42,0
DA:48,0
DA:49,0
DA:52,0
DA:53,0
DA:59,0
DA:60,0
DA:63,0
DA:64,0
DA:70,0
DA:71,0
DA:74,0
DA:75,0
DA:82,0
DA:96,0
DA:97,0
DA:100,0
DA:102,0
DA:103,0
DA:104,0
DA:110,0
DA:111,0
DA:112,0
DA:113,0
DA:114,0
DA:118,0
DA:126,0
DA:130,0
LF:40
LH:0
BRDA:26,0,0,0
BRDA:26,0,1,0
BRDA:37,1,0,0
BRDA:37,1,1,0
BRDA:41,2,0,0
BRDA:41,2,1,0
BRDA:48,3,0,0
BRDA:48,3,1,0
BRDA:52,4,0,0
BRDA:52,4,1,0
BRDA:59,5,0,0
BRDA:59,5,1,0
BRDA:63,6,0,0
BRDA:63,6,1,0
BRDA:70,7,0,0
BRDA:70,7,1,0
BRDA:74,8,0,0
BRDA:74,8,1,0
BRDA:96,9,0,0
BRDA:96,9,1,0
BRDA:111,10,0,0
BRDA:111,10,1,0
BRDA:113,11,0,0
BRDA:113,11,1,0
BRDA:113,12,0,0
BRDA:113,12,1,0
BRF:26
BRH:0
end_of_record
TN:
SF:app/api/briefs 2/[id]/report-error/route.ts
FN:14,POST
FN:78,(anonymous_1)
FNF:2
FNH:0
FNDA:0,POST
FNDA:0,(anonymous_1)
DA:5,0
DA:18,0
DA:19,0
DA:23,0
DA:25,0
DA:26,0
DA:30,0
DA:31,0
DA:33,0
DA:36,0
DA:37,0
DA:40,0
DA:41,0
DA:47,0
DA:48,0
DA:51,0
DA:52,0
DA:59,0
DA:72,0
DA:73,0
DA:76,0
DA:78,0
DA:79,0
DA:80,0
DA:85,0
DA:86,0
DA:87,0
DA:88,0
DA:89,0
DA:93,0
DA:101,0
DA:105,0
LF:32
LH:0
BRDA:25,0,0,0
BRDA:25,0,1,0
BRDA:36,1,0,0
BRDA:36,1,1,0
BRDA:40,2,0,0
BRDA:40,2,1,0
BRDA:47,3,0,0
BRDA:47,3,1,0
BRDA:51,4,0,0
BRDA:51,4,1,0
BRDA:66,5,0,0
BRDA:66,5,1,0
BRDA:72,6,0,0
BRDA:72,6,1,0
BRDA:86,7,0,0
BRDA:86,7,1,0
BRDA:88,8,0,0
BRDA:88,8,1,0
BRDA:88,9,0,0
BRDA:88,9,1,0
BRF:20
BRH:0
end_of_record
TN:
SF:app/api/briefs 2/[id]/save/route.ts
FN:12,getSupabaseClient
FN:20,(anonymous_1)
FN:23,(anonymous_2)
FN:26,(anonymous_3)
FN:34,POST
FN:76,DELETE
FN:105,GET
FNF:7
FNH:0
FNDA:0,getSupabaseClient
FNDA:0,(anonymous_1)
FNDA:0,(anonymous_2)
FNDA:0,(anonymous_3)
FNDA:0,POST
FNDA:0,DELETE
FNDA:0,GET
DA:13,0
DA:15,0
DA:21,0
DA:24,0
DA:27,0
DA:38,0
DA:39,0
DA:43,0
DA:45,0
DA:46,0
DA:50,0
DA:57,0
DA:58,0
DA:62,0
DA:68,0
DA:69,0
DA:70,0
DA:73,0
DA:80,0
DA:81,0
DA:85,0
DA:87,0
DA:88,0
DA:91,0
DA:97,0
DA:98,0
DA:99,0
DA:102,0
DA:109,0
DA:110,0
DA:114,0
DA:116,0
DA:117,0
DA:120,0
DA:127,0
LF:35
LH:0
BRDA:45,0,0,0
BRDA:45,0,1,0
BRDA:57,1,0,0
BRDA:57,1,1,0
BRDA:68,2,0,0
BRDA:68,2,1,0
BRDA:87,3,0,0
BRDA:87,3,1,0
BRDA:97,4,0,0
BRDA:97,4,1,0
BRDA:116,5,0,0
BRDA:116,5,1,0
BRF:12
BRH:0
end_of_record
TN:
SF:app/api/briefs 2/[id]/suggest-source/route.ts
FN:13,isValidUrl
FN:22,POST
FN:74,(anonymous_2)
FNF:3
FNH:0
FNDA:0,isValidUrl
FNDA:0,POST
FNDA:0,(anonymous_2)
DA:14,0
DA:15,0
DA:16,0
DA:18,0
DA:26,0
DA:27,0
DA:31,0
DA:33,0
DA:34,0
DA:38,0
DA:39,0
DA:41,0
DA:44,0
DA:45,0
DA:48,0
DA:49,0
DA:53,0
DA:68,0
DA:69,0
DA:72,0
DA:74,0
DA:75,0
DA:76,0
DA:81,0
DA:82,0
DA:83,0
DA:84,0
DA:85,0
DA:89,0
DA:97,0
DA:101,0
LF:31
LH:0
BRDA:33,0,0,0
BRDA:33,0,1,0
BRDA:44,1,0,0
BRDA:44,1,1,0
BRDA:48,2,0,0
BRDA:48,2,1,0
BRDA:59,3,0,0
BRDA:59,3,1,0
BRDA:60,4,0,0
BRDA:60,4,1,0
BRDA:61,5,0,0
BRDA:61,5,1,0
BRDA:62,6,0,0
BRDA:62,6,1,0
BRDA:68,7,0,0
BRDA:68,7,1,0
BRDA:82,8,0,0
BRDA:82,8,1,0
BRDA:84,9,0,0
BRDA:84,9,1,0
BRDA:84,10,0,0
BRDA:84,10,1,0
BRF:22
BRH:0
end_of_record
TN:
SF:app/api/briefs 2/[id]/vote/route.ts
FN:10,GET
FN:32,(anonymous_1)
FN:33,(anonymous_2)
FN:35,(anonymous_3)
FN:41,POST
FN:107,DELETE
FNF:6
FNH:0
FNDA:0,GET
FNDA:0,(anonymous_1)
FNDA:0,(anonymous_2)
FNDA:0,(anonymous_3)
FNDA:0,POST
FNDA:0,DELETE
DA:14,0
DA:15,0
DA:19,0
DA:21,0
DA:26,0
DA:27,0
DA:31,0
DA:32,0
DA:33,0
DA:34,0
DA:35,0
DA:38,0
DA:45,0
DA:46,0
DA:50,0
DA:52,0
DA:53,0
DA:57,0
DA:58,0
DA:60,0
DA:63,0
DA:64,0
DA:70,0
DA:77,0
DA:79,0
DA:81,0
DA:86,0
DA:87,0
DA:91,0
DA:99,0
DA:100,0
DA:104,0
DA:111,0
DA:112,0
DA:116,0
DA:118,0
DA:119,0
DA:122,0
DA:128,0
DA:129,0
DA:132,0
LF:41
LH:0
BRDA:26,0,0,0
BRDA:26,0,1,0
BRDA:31,1,0,0
BRDA:31,1,1,0
BRDA:34,2,0,0
BRDA:34,2,1,0
BRDA:35,3,0,0
BRDA:35,3,1,0
BRDA:52,4,0,0
BRDA:52,4,1,0
BRDA:63,5,0,0
BRDA:63,5,1,0
BRDA:63,6,0,0
BRDA:63,6,1,0
BRDA:79,7,0,0
BRDA:79,7,1,0
BRDA:86,8,0,0
BRDA:86,8,1,0
BRDA:99,9,0,0
BRDA:99,9,1,0
BRDA:118,10,0,0
BRDA:118,10,1,0
BRDA:128,11,0,0
BRDA:128,11,1,0
BRF:24
BRH:0
end_of_record
TN:
SF:app/api/briefs 2/generate/route.ts
FN:37,POST
FN:45,(anonymous_1)
FN:48,(anonymous_2)
FN:49,(anonymous_3)
FN:179,calculateClarityScore
FNF:5
FNH:0
FNDA:0,POST
FNDA:0,(anonymous_1)
FNDA:0,(anonymous_2)
FNDA:0,(anonymous_3)
FNDA:0,calculateClarityScore
DA:19,0
DA:21,0
DA:38,0
DA:39,0
DA:40,0
DA:46,0
DA:49,0
DA:50,0
DA:57,0
DA:59,0
DA:60,0
DA:66,0
DA:68,0
DA:69,0
DA:75,0
DA:77,0
DA:79,0
DA:80,0
DA:90,0
DA:92,0
DA:99,0
DA:100,0
DA:109,0
DA:110,0
DA:112,0
DA:113,0
DA:115,0
DA:117,0
DA:118,0
DA:124,0
DA:126,0
DA:136,0
DA:145,0
DA:152,0
DA:155,0
DA:156,0
DA:159,0
DA:171,0
DA:172,0
DA:180,0
DA:181,0
DA:182,0
DA:184,0
LF:43
LH:0
BRDA:59,0,0,0
BRDA:59,0,1,0
BRDA:59,1,0,0
BRDA:59,1,1,0
BRDA:68,2,0,0
BRDA:68,2,1,0
BRDA:68,3,0,0
BRDA:68,3,1,0
BRDA:68,3,2,0
BRDA:79,4,0,0
BRDA:79,4,1,0
BRDA:96,5,0,0
BRDA:96,5,1,0
BRDA:99,6,0,0
BRDA:99,6,1,0
BRDA:117,7,0,0
BRDA:117,7,1,0
BRDA:149,8,0,0
BRDA:149,8,1,0
BRDA:155,9,0,0
BRDA:155,9,1,0
BRDA:156,10,0,0
BRDA:156,10,1,0
BRDA:164,11,0,0
BRDA:164,11,1,0
BRF:25
BRH:0
end_of_record
TN:
SF:app/api/briefs/[id]/route.ts
FN:12,GET
FNF:1
FNH:1
FNDA:4,GET
DA:10,1
DA:16,4
DA:17,4
DA:19,4
DA:20,1
DA:27,3
DA:29,3
DA:30,1
DA:31,1
DA:37,2
DA:38,1
DA:44,1
DA:50,0
DA:51,0
LF:14
LH:12
BRDA:19,0,0,1
BRDA:19,0,1,3
BRDA:29,1,0,1
BRDA:29,1,1,2
BRDA:37,2,0,1
BRDA:37,2,1,1
BRF:6
BRH:6
end_of_record
TN:
SF:app/api/briefs/[id]/propose-edit/route.ts
FN:15,POST
FN:102,(anonymous_1)
FNF:2
FNH:2
FNDA:14,POST
FNDA:3,(anonymous_1)
DA:5,1
DA:19,14
DA:20,14
DA:24,14
DA:26,14
DA:27,1
DA:31,13
DA:32,13
DA:34,1
DA:37,12
DA:38,1
DA:41,11
DA:42,1
DA:48,10
DA:49,1
DA:52,9
DA:53,1
DA:59,8
DA:60,1
DA:63,7
DA:64,1
DA:70,6
DA:71,1
DA:74,5
DA:75,1
DA:82,4
DA:96,4
DA:97,1
DA:100,3
DA:102,3
DA:103,3
DA:104,3
DA:110,3
DA:111,3
DA:112,0
DA:113,3
DA:114,3
DA:118,3
DA:126,2
DA:130,3
LF:40
LH:39
BRDA:26,0,0,1
BRDA:26,0,1,13
BRDA:37,1,0,1
BRDA:37,1,1,11
BRDA:41,2,0,1
BRDA:41,2,1,10
BRDA:48,3,0,1
BRDA:48,3,1,9
BRDA:52,4,0,1
BRDA:52,4,1,8
BRDA:59,5,0,1
BRDA:59,5,1,7
BRDA:63,6,0,1
BRDA:63,6,1,6
BRDA:70,7,0,1
BRDA:70,7,1,5
BRDA:74,8,0,1
BRDA:74,8,1,4
BRDA:96,9,0,1
BRDA:96,9,1,3
BRDA:111,10,0,0
BRDA:111,10,1,3
BRDA:113,11,0,3
BRDA:113,11,1,0
BRDA:113,12,0,3
BRDA:113,12,1,3
BRF:26
BRH:24
end_of_record
TN:
SF:app/api/briefs/[id]/report-error/route.ts
FN:14,POST
FN:78,(anonymous_1)
FNF:2
FNH:2
FNDA:13,POST
FNDA:6,(anonymous_1)
DA:5,1
DA:18,13
DA:19,13
DA:23,13
DA:25,13
DA:26,1
DA:30,12
DA:31,12
DA:33,1
DA:36,11
DA:37,1
DA:40,10
DA:41,1
DA:47,9
DA:48,1
DA:51,8
DA:52,1
DA:59,7
DA:72,7
DA:73,1
DA:76,6
DA:78,6
DA:79,6
DA:80,6
DA:85,6
DA:86,6
DA:87,0
DA:88,6
DA:89,6
DA:93,6
DA:101,5
DA:105,6
LF:32
LH:31
BRDA:25,0,0,1
BRDA:25,0,1,12
BRDA:36,1,0,1
BRDA:36,1,1,10
BRDA:40,2,0,1
BRDA:40,2,1,9
BRDA:47,3,0,1
BRDA:47,3,1,8
BRDA:51,4,0,1
BRDA:51,4,1,7
BRDA:66,5,0,7
BRDA:66,5,1,6
BRDA:72,6,0,1
BRDA:72,6,1,6
BRDA:86,7,0,0
BRDA:86,7,1,6
BRDA:88,8,0,6
BRDA:88,8,1,0
BRDA:88,9,0,6
BRDA:88,9,1,6
BRF:20
BRH:18
end_of_record
TN:
SF:app/api/briefs/[id]/save/route.ts
FN:12,getSupabaseClient
FN:20,(anonymous_1)
FN:23,(anonymous_2)
FN:26,(anonymous_3)
FN:34,POST
FN:76,DELETE
FN:105,GET
FNF:7
FNH:4
FNDA:10,getSupabaseClient
FNDA:0,(anonymous_1)
FNDA:0,(anonymous_2)
FNDA:0,(anonymous_3)
FNDA:4,POST
FNDA:3,DELETE
FNDA:3,GET
DA:13,10
DA:15,10
DA:21,0
DA:24,0
DA:27,0
DA:38,4
DA:39,4
DA:43,4
DA:45,4
DA:46,1
DA:50,3
DA:57,3
DA:58,1
DA:62,2
DA:68,2
DA:69,1
DA:70,1
DA:73,1
DA:80,3
DA:81,3
DA:85,3
DA:87,3
DA:88,1
DA:91,2
DA:97,2
DA:98,1
DA:99,1
DA:102,1
DA:109,3
DA:110,3
DA:114,3
DA:116,3
DA:117,1
DA:120,2
DA:127,2
LF:35
LH:32
BRDA:45,0,0,1
BRDA:45,0,1,3
BRDA:57,1,0,1
BRDA:57,1,1,2
BRDA:68,2,0,1
BRDA:68,2,1,1
BRDA:87,3,0,1
BRDA:87,3,1,2
BRDA:97,4,0,1
BRDA:97,4,1,1
BRDA:116,5,0,1
BRDA:116,5,1,2
BRF:12
BRH:12
end_of_record
TN:
SF:app/api/briefs/[id]/suggest-source/route.ts
FN:13,isValidUrl
FN:22,POST
FN:74,(anonymous_2)
FNF:3
FNH:3
FNDA:12,isValidUrl
FNDA:15,POST
FNDA:9,(anonymous_2)
DA:14,12
DA:15,12
DA:16,12
DA:18,2
DA:26,15
DA:27,15
DA:31,15
DA:33,15
DA:34,1
DA:38,14
DA:39,14
DA:41,1
DA:44,13
DA:45,1
DA:48,12
DA:49,2
DA:53,10
DA:68,10
DA:69,1
DA:72,9
DA:74,9
DA:75,9
DA:76,9
DA:81,9
DA:82,9
DA:83,0
DA:84,9
DA:85,9
DA:89,9
DA:97,8
DA:101,9
LF:31
LH:30
BRDA:33,0,0,1
BRDA:33,0,1,14
BRDA:44,1,0,1
BRDA:44,1,1,12
BRDA:48,2,0,2
BRDA:48,2,1,10
BRDA:59,3,0,10
BRDA:59,3,1,8
BRDA:60,4,0,15
BRDA:60,4,1,8
BRDA:61,5,0,15
BRDA:61,5,1,8
BRDA:62,6,0,15
BRDA:62,6,1,8
BRDA:68,7,0,1
BRDA:68,7,1,9
BRDA:82,8,0,0
BRDA:82,8,1,9
BRDA:84,9,0,9
BRDA:84,9,1,0
BRDA:84,10,0,9
BRDA:84,10,1,9
BRF:22
BRH:20
end_of_record
TN:
SF:app/api/briefs/[id]/view/route.ts
FN:14,getSupabaseClient
FN:21,POST
FNF:2
FNH:2
FNDA:4,getSupabaseClient
FNDA:6,POST
DA:12,1
DA:15,4
DA:25,6
DA:26,6
DA:28,6
DA:29,1
DA:35,5
DA:36,5
DA:37,5
DA:39,5
DA:40,1
DA:47,4
DA:49,4
DA:54,4
DA:55,1
DA:56,1
DA:62,3
DA:63,6
DA:67,3
DA:68,1
DA:69,1
DA:75,2
DA:81,2
DA:89,2
DA:92,0
DA:93,0
LF:26
LH:24
BRDA:17,0,0,4
BRDA:17,0,1,0
BRDA:28,1,0,1
BRDA:28,1,1,5
BRDA:39,2,0,1
BRDA:39,2,1,4
BRDA:54,3,0,1
BRDA:54,3,1,3
BRDA:54,4,0,4
BRDA:54,4,1,3
BRDA:62,5,0,3
BRDA:62,5,1,1
BRDA:67,6,0,1
BRDA:67,6,1,2
BRF:14
BRH:13
end_of_record
TN:
SF:app/api/briefs/[id]/vote/route.ts
FN:10,GET
FN:32,(anonymous_1)
FN:33,(anonymous_2)
FN:35,(anonymous_3)
FN:41,POST
FN:107,DELETE
FNF:6
FNH:6
FNDA:3,GET
FNDA:4,(anonymous_1)
FNDA:4,(anonymous_2)
FNDA:1,(anonymous_3)
FNDA:5,POST
FNDA:3,DELETE
DA:14,3
DA:15,3
DA:19,3
DA:21,3
DA:26,3
DA:27,1
DA:31,2
DA:32,4
DA:33,4
DA:34,3
DA:35,1
DA:38,3
DA:45,5
DA:46,5
DA:50,5
DA:52,5
DA:53,1
DA:57,4
DA:58,4
DA:60,1
DA:63,3
DA:64,1
DA:70,2
DA:77,2
DA:79,5
DA:81,1
DA:86,1
DA:87,0
DA:91,1
DA:99,1
DA:100,0
DA:104,2
DA:111,3
DA:112,3
DA:116,3
DA:118,3
DA:119,1
DA:122,2
DA:128,2
DA:129,1
DA:132,1
LF:41
LH:39
BRDA:26,0,0,1
BRDA:26,0,1,2
BRDA:31,1,0,2
BRDA:31,1,1,0
BRDA:34,2,0,1
BRDA:34,2,1,1
BRDA:35,3,0,1
BRDA:35,3,1,0
BRDA:52,4,0,1
BRDA:52,4,1,4
BRDA:63,5,0,1
BRDA:63,5,1,2
BRDA:63,6,0,3
BRDA:63,6,1,3
BRDA:79,7,0,1
BRDA:79,7,1,1
BRDA:86,8,0,0
BRDA:86,8,1,1
BRDA:99,9,0,0
BRDA:99,9,1,1
BRDA:118,10,0,1
BRDA:118,10,1,2
BRDA:128,11,0,1
BRDA:128,11,1,1
BRF:24
BRH:20
end_of_record
TN:
SF:app/api/briefs/generate/route.ts
FN:26,createSSEResponse
FN:36,sendSSE
FN:41,POST
FN:69,(anonymous_3)
FN:72,(anonymous_4)
FN:73,(anonymous_5)
FN:126,(anonymous_6)
FN:166,(anonymous_7)
FNF:8
FNH:4
FNDA:1,createSSEResponse
FNDA:6,sendSSE
FNDA:10,POST
FNDA:0,(anonymous_3)
FNDA:0,(anonymous_4)
FNDA:0,(anonymous_5)
FNDA:1,(anonymous_6)
FNDA:0,(anonymous_7)
DA:21,10
DA:22,10
DA:24,10
DA:27,1
DA:37,6
DA:38,6
DA:42,10
DA:45,10
DA:52,10
DA:54,10
DA:55,2
DA:56,2
DA:63,8
DA:64,8
DA:70,0
DA:73,0
DA:74,0
DA:81,8
DA:83,8
DA:84,1
DA:85,1
DA:92,7
DA:93,7
DA:95,1
DA:101,6
DA:102,3
DA:109,3
DA:111,3
DA:113,3
DA:114,2
DA:125,1
DA:127,1
DA:129,1
DA:132,1
DA:134,1
DA:135,0
DA:136,0
DA:140,0
DA:141,0
DA:144,1
DA:147,1
DA:154,1
DA:155,0
DA:159,0
DA:160,0
DA:163,1
DA:166,1
DA:167,0
DA:168,0
DA:170,0
DA:174,1
DA:176,1
DA:177,1
DA:178,1
DA:179,1
DA:182,1
DA:183,1
DA:184,1
DA:185,1
DA:186,1
DA:187,1
DA:188,1
DA:189,1
DA:190,1
DA:192,0
DA:193,0
DA:196,1
DA:199,1
DA:200,0
DA:204,1
DA:206,1
DA:207,0
DA:214,0
DA:222,0
DA:223,0
DA:226,1
DA:229,1
DA:230,1
DA:231,1
DA:233,1
DA:234,0
DA:235,0
DA:238,1
DA:240,1
DA:247,1
DA:250,0
DA:252,0
DA:259,0
DA:261,0
DA:262,0
DA:265,0
DA:274,0
DA:278,0
DA:279,0
DA:280,0
DA:285,1
LF:96
LH:64
BRDA:54,0,0,2
BRDA:54,0,1,8
BRDA:54,1,0,10
BRDA:54,1,1,9
BRDA:83,2,0,1
BRDA:83,2,1,7
BRDA:83,3,0,8
BRDA:83,3,1,7
BRDA:101,4,0,3
BRDA:101,4,1,3
BRDA:101,5,0,6
BRDA:101,5,1,5
BRDA:101,5,2,4
BRDA:113,6,0,2
BRDA:113,6,1,1
BRDA:134,7,0,0
BRDA:134,7,1,1
BRDA:134,8,0,1
BRDA:134,8,1,1
BRDA:151,9,0,0
BRDA:151,9,1,1
BRDA:154,10,0,0
BRDA:154,10,1,1
BRDA:184,11,0,1
BRDA:184,11,1,1
BRDA:185,12,0,1
BRDA:185,12,1,1
BRDA:186,13,0,1
BRDA:186,13,1,1
BRDA:189,14,0,1
BRDA:189,14,1,1
BRDA:189,15,0,1
BRDA:189,15,1,1
BRDA:190,16,0,1
BRDA:190,16,1,0
BRDA:199,17,0,0
BRDA:199,17,1,1
BRDA:204,18,0,1
BRDA:204,18,1,0
BRDA:206,19,0,0
BRDA:206,19,1,1
BRDA:233,20,0,0
BRDA:233,20,1,1
BRDA:256,21,0,0
BRDA:256,21,1,0
BRDA:261,22,0,0
BRDA:261,22,1,0
BRDA:262,23,0,0
BRDA:262,23,1,0
BRDA:270,24,0,0
BRDA:270,24,1,0
BRF:51
BRH:35
end_of_record
TN:
SF:app/api/briefs/popular/route.ts
FN:5,GET
FNF:1
FNH:1
FNDA:6,GET
DA:6,6
DA:7,6
DA:9,6
DA:13,6
DA:14,3
DA:20,3
DA:22,3
LF:7
LH:7
BRDA:10,0,0,6
BRDA:10,0,1,2
BRDA:13,1,0,3
BRDA:13,1,1,3
BRF:4
BRH:4
end_of_record
TN:
SF:app/api/briefs/tags/route.ts
FN:14,getSupabaseClient
FN:26,GET
FN:47,(anonymous_2)
FN:50,(anonymous_3)
FN:60,(anonymous_4)
FN:61,(anonymous_5)
FNF:6
FNH:6
FNDA:9,getSupabaseClient
FNDA:9,GET
FNDA:13,(anonymous_2)
FNDA:17,(anonymous_3)
FNDA:10,(anonymous_4)
FNDA:4,(anonymous_5)
DA:12,1
DA:15,9
DA:27,9
DA:28,9
DA:31,9
DA:36,9
DA:37,1
DA:38,1
DA:45,8
DA:47,8
DA:48,13
DA:49,13
DA:50,12
DA:51,17
DA:52,15
DA:59,9
DA:60,10
DA:61,4
DA:63,9
DA:72,0
DA:73,0
LF:21
LH:19
BRDA:17,0,0,9
BRDA:17,0,1,0
BRDA:36,1,0,1
BRDA:36,1,1,8
BRDA:47,2,0,8
BRDA:47,2,1,0
BRDA:48,3,0,13
BRDA:48,3,1,2
BRDA:49,4,0,12
BRDA:49,4,1,1
BRDA:51,5,0,15
BRDA:51,5,1,2
BRDA:51,6,0,17
BRDA:51,6,1,17
BRDA:52,7,0,15
BRDA:52,7,1,10
BRF:16
BRH:14
end_of_record
TN:
SF:app/api/credits/route.ts
FN:7,GET
FNF:1
FNH:1
FNDA:3,GET
DA:8,3
DA:9,3
DA:11,3
DA:12,3
DA:13,1
DA:19,2
DA:25,2
DA:27,2
DA:28,1
DA:29,1
DA:35,1
DA:37,1
DA:42,0
DA:43,0
LF:14
LH:12
BRDA:12,0,0,1
BRDA:12,0,1,2
BRDA:27,1,0,1
BRDA:27,1,1,1
BRDA:39,2,0,1
BRDA:39,2,1,0
BRF:6
BRH:5
end_of_record
TN:
SF:app/api/credits/balance/route.ts
FN:5,GET
FNF:1
FNH:1
FNDA:4,GET
DA:6,4
DA:7,4
DA:9,4
DA:10,4
DA:11,1
DA:17,3
DA:19,2
DA:21,1
DA:22,1
LF:9
LH:9
BRDA:10,0,0,1
BRDA:10,0,1,3
BRF:2
BRH:2
end_of_record
TN:
SF:app/api/credits/history/route.ts
FN:8,GET
FNF:1
FNH:0
FNDA:0,GET
DA:6,0
DA:9,0
DA:10,0
DA:12,0
DA:13,0
DA:14,0
DA:20,0
DA:21,0
DA:22,0
DA:24,0
DA:29,0
DA:36,0
DA:38,0
DA:39,0
DA:40,0
DA:46,0
DA:48,0
DA:60,0
DA:61,0
LF:19
LH:0
BRDA:13,0,0,0
BRDA:13,0,1,0
BRDA:21,1,0,0
BRDA:21,1,1,0
BRDA:38,2,0,0
BRDA:38,2,1,0
BRDA:46,3,0,0
BRDA:46,3,1,0
BRDA:49,4,0,0
BRDA:49,4,1,0
BRDA:53,5,0,0
BRDA:53,5,1,0
BRF:12
BRH:0
end_of_record
TN:
SF:app/api/health/route.ts
FN:24,checkSupabaseHealth
FN:84,determineOverallStatus
FN:85,(anonymous_2)
FN:87,(anonymous_3)
FN:91,(anonymous_4)
FN:98,GET
FNF:6
FNH:6
FNDA:6,checkSupabaseHealth
FNDA:6,determineOverallStatus
FNDA:6,(anonymous_2)
FNDA:6,(anonymous_3)
FNDA:2,(anonymous_4)
FNDA:7,GET
DA:21,6
DA:22,6
DA:25,6
DA:26,6
DA:28,6
DA:29,0
DA:35,6
DA:37,6
DA:38,6
DA:41,6
DA:43,6
DA:45,6
DA:47,2
DA:49,2
DA:54,2
DA:62,4
DA:63,0
DA:70,4
DA:75,0
DA:76,0
DA:85,6
DA:87,6
DA:88,4
DA:91,2
DA:92,1
DA:95,1
DA:99,7
DA:101,7
DA:102,1
DA:108,6
DA:110,6
DA:114,6
DA:121,6
DA:123,6
LF:34
LH:30
BRDA:28,0,0,0
BRDA:28,0,1,6
BRDA:28,1,0,6
BRDA:28,1,1,6
BRDA:45,2,0,2
BRDA:45,2,1,4
BRDA:47,3,0,2
BRDA:47,3,1,0
BRDA:49,4,0,2
BRDA:49,4,1,1
BRDA:49,4,2,1
BRDA:49,4,3,1
BRDA:55,5,0,1
BRDA:55,5,1,1
BRDA:62,6,0,0
BRDA:62,6,1,4
BRDA:79,7,0,0
BRDA:79,7,1,0
BRDA:87,8,0,4
BRDA:87,8,1,2
BRDA:91,9,0,1
BRDA:91,9,1,1
BRDA:101,10,0,1
BRDA:101,10,1,6
BRDA:101,11,0,7
BRDA:101,11,1,1
BRF:26
BRH:21
end_of_record
TN:
SF:app/api/payments/create-checkout/route.ts
FN:8,POST
FN:55,(anonymous_1)
FNF:2
FNH:1
FNDA:10,POST
FNDA:0,(anonymous_1)
DA:9,10
DA:10,10
DA:12,10
DA:13,10
DA:14,1
DA:20,9
DA:21,9
DA:23,9
DA:24,1
DA:30,8
DA:36,7
DA:38,7
DA:39,1
DA:45,6
DA:46,1
DA:52,5
DA:54,10
DA:55,0
DA:93,5
DA:94,2
DA:103,3
DA:105,1
DA:106,1
LF:23
LH:22
BRDA:13,0,0,1
BRDA:13,0,1,9
BRDA:23,1,0,1
BRDA:23,1,1,8
BRDA:38,2,0,1
BRDA:38,2,1,6
BRDA:38,3,0,7
BRDA:38,3,1,6
BRDA:45,4,0,1
BRDA:45,4,1,5
BRDA:52,5,0,5
BRDA:52,5,1,1
BRDA:93,6,0,2
BRDA:93,6,1,3
BRDA:97,7,0,1
BRDA:97,7,1,1
BRDA:99,8,0,1
BRDA:99,8,1,1
BRF:18
BRH:18
end_of_record
TN:
SF:app/api/payments/health/route.ts
FN:7,GET
FNF:1
FNH:1
FNDA:4,GET
DA:4,3
DA:5,3
DA:8,4
DA:10,4
DA:11,1
DA:17,3
DA:19,3
DA:21,3
LF:8
LH:8
BRDA:10,0,0,1
BRDA:10,0,1,3
BRDA:10,1,0,4
BRDA:10,1,1,1
BRF:4
BRH:4
end_of_record
TN:
SF:app/api/payments/session/route.ts
FN:6,GET
FNF:1
FNH:0
FNDA:0,GET
DA:7,0
DA:8,0
DA:10,0
DA:11,0
DA:12,0
DA:18,0
DA:19,0
DA:20,0
DA:26,0
DA:28,0
DA:29,0
DA:35,0
DA:36,0
DA:38,0
DA:39,0
DA:41,0
DA:48,0
DA:49,0
LF:18
LH:0
BRDA:11,0,0,0
BRDA:11,0,1,0
BRDA:19,1,0,0
BRDA:19,1,1,0
BRDA:28,2,0,0
BRDA:28,2,1,0
BRDA:28,3,0,0
BRDA:28,3,1,0
BRDA:35,4,0,0
BRDA:35,4,1,0
BRF:10
BRH:0
end_of_record
TN:
SF:app/api/profile/route.ts
FN:9,createSupabaseClient
FN:17,(anonymous_1)
FN:20,(anonymous_2)
FN:23,(anonymous_3)
FN:33,(anonymous_4)
FN:46,(anonymous_5)
FN:56,(anonymous_6)
FN:60,(anonymous_7)
FN:64,(anonymous_8)
FN:88,(anonymous_9)
FN:141,(anonymous_10)
FN:162,(anonymous_11)
FN:172,(anonymous_12)
FNF:13
FNH:3
FNDA:17,createSupabaseClient
FNDA:0,(anonymous_1)
FNDA:0,(anonymous_2)
FNDA:0,(anonymous_3)
FNDA:4,(anonymous_4)
FNDA:0,(anonymous_5)
FNDA:0,(anonymous_6)
FNDA:0,(anonymous_7)
FNDA:0,(anonymous_8)
FNDA:13,(anonymous_9)
FNDA:0,(anonymous_10)
FNDA:0,(anonymous_11)
FNDA:0,(anonymous_12)
DA:10,17
DA:12,17
DA:18,0
DA:21,0
DA:24,0
DA:31,17
DA:33,17
DA:34,4
DA:39,4
DA:41,4
DA:42,1
DA:45,3
DA:46,0
DA:50,3
DA:51,1
DA:54,2
DA:56,0
DA:60,0
DA:64,0
DA:69,2
DA:74,4
DA:76,4
DA:88,17
DA:89,13
DA:94,13
DA:96,13
DA:97,1
DA:101,12
DA:102,12
DA:104,1
DA:107,11
DA:117,11
DA:119,11
DA:120,88
DA:121,11
DA:125,11
DA:126,1
DA:129,10
DA:130,5
DA:132,5
DA:133,4
DA:134,2
DA:140,2
DA:141,0
DA:145,2
DA:146,1
DA:149,1
DA:150,1
DA:155,6
DA:156,2
DA:157,1
DA:161,5
DA:162,0
DA:166,5
DA:167,1
DA:170,4
DA:171,1
DA:172,0
DA:176,1
DA:177,0
DA:180,1
DA:183,3
LF:62
LH:51
BRDA:41,0,0,1
BRDA:41,0,1,3
BRDA:41,1,0,4
BRDA:41,1,1,3
BRDA:50,2,0,1
BRDA:50,2,1,2
BRDA:70,3,0,2
BRDA:70,3,1,0
BRDA:71,4,0,4
BRDA:71,4,1,0
BRDA:72,5,0,4
BRDA:72,5,1,0
BRDA:77,6,0,4
BRDA:77,6,1,1
BRDA:96,7,0,1
BRDA:96,7,1,12
BRDA:96,8,0,13
BRDA:96,8,1,12
BRDA:120,9,0,11
BRDA:120,9,1,77
BRDA:125,10,0,1
BRDA:125,10,1,10
BRDA:129,11,0,5
BRDA:129,11,1,5
BRDA:132,12,0,4
BRDA:132,12,1,1
BRDA:132,13,0,5
BRDA:132,13,1,4
BRDA:133,14,0,2
BRDA:133,14,1,2
BRDA:145,15,0,1
BRDA:145,15,1,1
BRDA:149,16,0,1
BRDA:149,16,1,0
BRDA:155,17,0,2
BRDA:155,17,1,4
BRDA:155,18,0,6
BRDA:155,18,1,2
BRDA:156,19,0,1
BRDA:156,19,1,1
BRDA:166,20,0,1
BRDA:166,20,1,4
BRDA:170,21,0,1
BRDA:170,21,1,3
BRDA:170,22,0,4
BRDA:170,22,1,1
BRDA:176,23,0,0
BRDA:176,23,1,1
BRDA:176,24,0,1
BRDA:176,24,1,1
BRF:50
BRH:45
end_of_record
TN:
SF:app/api/profile/avatar/route.ts
FN:6,createSupabaseClient
FN:14,(anonymous_1)
FN:17,(anonymous_2)
FN:20,(anonymous_3)
FN:36,POST
FNF:5
FNH:0
FNDA:0,createSupabaseClient
FNDA:0,(anonymous_1)
FNDA:0,(anonymous_2)
FNDA:0,(anonymous_3)
FNDA:0,POST
DA:7,0
DA:9,0
DA:15,0
DA:18,0
DA:21,0
DA:28,0
DA:34,0
DA:37,0
DA:42,0
DA:44,0
DA:45,0
DA:48,0
DA:49,0
DA:50,0
DA:52,0
DA:53,0
DA:59,0
DA:60,0
DA:66,0
DA:67,0
DA:73,0
DA:74,0
DA:76,0
DA:77,0
DA:79,0
DA:86,0
DA:87,0
DA:88,0
DA:94,0
DA:98,0
DA:100,0
DA:107,0
DA:108,0
DA:109,0
DA:115,0
DA:116,0
DA:122,0
DA:128,0
DA:134,0
DA:139,0
DA:140,0
LF:41
LH:0
BRDA:44,0,0,0
BRDA:44,0,1,0
BRDA:44,1,0,0
BRDA:44,1,1,0
BRDA:52,2,0,0
BRDA:52,2,1,0
BRDA:59,3,0,0
BRDA:59,3,1,0
BRDA:66,4,0,0
BRDA:66,4,1,0
BRDA:73,5,0,0
BRDA:73,5,1,0
BRDA:86,6,0,0
BRDA:86,6,1,0
BRDA:107,7,0,0
BRDA:107,7,1,0
BRDA:108,8,0,0
BRDA:108,8,1,0
BRDA:115,9,0,0
BRDA:115,9,1,0
BRF:20
BRH:0
end_of_record
TN:
SF:app/api/profile/delete/route.ts
FN:6,DELETE
FN:14,(anonymous_1)
FN:17,(anonymous_2)
FN:20,(anonymous_3)
FNF:4
FNH:0
FNDA:0,DELETE
FNDA:0,(anonymous_1)
FNDA:0,(anonymous_2)
FNDA:0,(anonymous_3)
DA:7,0
DA:9,0
DA:15,0
DA:18,0
DA:21,0
DA:29,0
DA:31,0
DA:32,0
DA:35,0
DA:46,0
DA:50,0
DA:51,0
DA:52,0
DA:58,0
DA:60,0
LF:15
LH:0
BRDA:31,0,0,0
BRDA:31,0,1,0
BRDA:50,1,0,0
BRDA:50,1,1,0
BRF:4
BRH:0
end_of_record
TN:
SF:app/api/profile/export/route 2.ts
FN:4,GET
FNF:1
FNH:0
FNDA:0,GET
DA:5,0
DA:6,0
DA:7,0
DA:9,0
DA:15,0
DA:21,0
DA:27,0
DA:33,0
DA:39,0
DA:45,0
DA:61,0
DA:63,0
DA:70,0
DA:71,0
DA:73,0
DA:74,0
LF:16
LH:0
BRDA:53,0,0,0
BRDA:53,0,1,0
BRDA:54,1,0,0
BRDA:54,1,1,0
BRDA:55,2,0,0
BRDA:55,2,1,0
BRDA:56,3,0,0
BRDA:56,3,1,0
BRDA:57,4,0,0
BRDA:57,4,1,0
BRDA:58,5,0,0
BRDA:58,5,1,0
BRDA:70,6,0,0
BRDA:70,6,1,0
BRDA:70,7,0,0
BRDA:70,7,1,0
BRF:16
BRH:0
end_of_record
TN:
SF:app/api/profile/export/route.ts
FN:5,createSupabaseClient
FN:13,(anonymous_1)
FN:16,(anonymous_2)
FN:19,(anonymous_3)
FN:27,GET
FNF:5
FNH:0
FNDA:0,createSupabaseClient
FNDA:0,(anonymous_1)
FNDA:0,(anonymous_2)
FNDA:0,(anonymous_3)
FNDA:0,GET
DA:6,0
DA:8,0
DA:14,0
DA:17,0
DA:20,0
DA:28,0
DA:33,0
DA:35,0
DA:36,0
DA:39,0
DA:91,0
DA:104,0
DA:106,0
LF:13
LH:0
BRDA:35,0,0,0
BRDA:35,0,1,0
BRDA:35,1,0,0
BRDA:35,1,1,0
BRDA:98,2,0,0
BRDA:98,2,1,0
BRDA:99,3,0,0
BRDA:99,3,1,0
BRDA:100,4,0,0
BRDA:100,4,1,0
BRDA:101,5,0,0
BRDA:101,5,1,0
BRF:12
BRH:0
end_of_record
TN:
SF:app/api/profile/feedback/route.ts
FN:4,GET
FNF:1
FNH:1
FNDA:3,GET
DA:5,3
DA:9,3
DA:11,3
DA:12,1
DA:15,2
DA:19,2
DA:42,2
LF:7
LH:7
BRDA:11,0,0,1
BRDA:11,0,1,2
BRDA:43,1,0,2
BRDA:43,1,1,1
BRDA:44,2,0,3
BRDA:44,2,1,1
BRDA:45,3,0,3
BRDA:45,3,1,1
BRDA:46,4,0,3
BRDA:46,4,1,1
BRF:10
BRH:10
end_of_record
TN:
SF:app/api/questions/suggest/route.ts
FN:24,normalizeQuery
FN:28,getCachedSuggestions
FN:44,setCachedSuggestions
FN:52,generateAiSuggestions
FN:54,(anonymous_4)
FN:88,(anonymous_5)
FN:109,(anonymous_6)
FN:156,(anonymous_7)
FNF:8
FNH:0
FNDA:0,normalizeQuery
FNDA:0,getCachedSuggestions
FNDA:0,setCachedSuggestions
FNDA:0,generateAiSuggestions
FNDA:0,(anonymous_4)
FNDA:0,(anonymous_5)
FNDA:0,(anonymous_6)
FNDA:0,(anonymous_7)
DA:8,0
DA:21,0
DA:22,0
DA:25,0
DA:29,0
DA:30,0
DA:32,0
DA:33,0
DA:36,0
DA:37,0
DA:38,0
DA:41,0
DA:45,0
DA:46,0
DA:53,0
DA:55,0
DA:59,0
DA:80,0
DA:82,0
DA:83,0
DA:84,0
DA:87,0
DA:88,0
DA:101,0
DA:102,0
DA:103,0
DA:106,0
DA:109,0
DA:110,0
DA:111,0
DA:113,0
DA:114,0
DA:117,0
DA:119,0
DA:120,0
DA:127,0
DA:128,0
DA:131,0
DA:132,0
DA:136,0
DA:144,0
DA:151,0
DA:152,0
DA:155,0
DA:156,0
DA:158,0
DA:159,0
DA:160,0
DA:161,0
DA:165,0
DA:170,0
DA:171,0
DA:172,0
DA:173,0
DA:175,0
DA:176,0
DA:177,0
DA:179,0
DA:183,0
DA:185,0
LF:60
LH:0
BRDA:32,0,0,0
BRDA:32,0,1,0
BRDA:36,1,0,0
BRDA:36,1,1,0
BRDA:80,2,0,0
BRDA:80,2,1,0
BRDA:83,3,0,0
BRDA:83,3,1,0
BRDA:101,4,0,0
BRDA:101,4,1,0
BRDA:101,5,0,0
BRDA:101,5,1,0
BRDA:111,6,0,0
BRDA:111,6,1,0
BRDA:113,7,0,0
BRDA:113,7,1,0
BRDA:127,8,0,0
BRDA:127,8,1,0
BRDA:131,9,0,0
BRDA:131,9,1,0
BRDA:131,10,0,0
BRDA:131,10,1,0
BRDA:151,11,0,0
BRDA:151,11,1,0
BRDA:155,12,0,0
BRDA:155,12,1,0
BRDA:155,13,0,0
BRDA:155,13,1,0
BRDA:160,14,0,0
BRDA:160,14,1,0
BRDA:160,15,0,0
BRDA:160,15,1,0
BRDA:170,16,0,0
BRDA:170,16,1,0
BRDA:172,17,0,0
BRDA:172,17,1,0
BRDA:176,18,0,0
BRDA:176,18,1,0
BRF:38
BRH:0
end_of_record
TN:
SF:app/api/questions/templates/route.ts
FN:4,GET
FNF:1
FNH:1
FNDA:4,GET
DA:5,4
DA:6,4
DA:8,4
DA:10,4
DA:15,4
DA:16,1
DA:18,3
DA:21,4
DA:23,4
DA:24,1
DA:27,3
LF:11
LH:11
BRDA:15,0,0,1
BRDA:15,0,1,3
BRDA:23,1,0,1
BRDA:23,1,1,3
BRF:4
BRH:4
end_of_record
TN:
SF:app/api/webhooks/stripe/route.ts
FN:8,POST
FN:79,handleCheckoutSessionCompleted
FN:103,handlePaymentIntentFailed
FN:119,handlePaymentIntentSucceeded
FNF:4
FNH:4
FNDA:13,POST
FNDA:4,handleCheckoutSessionCompleted
FNDA:4,handlePaymentIntentFailed
FNDA:1,handlePaymentIntentSucceeded
DA:9,13
DA:10,13
DA:12,13
DA:13,1
DA:19,12
DA:20,12
DA:21,1
DA:22,1
DA:30,11
DA:31,11
DA:32,11
DA:34,1
DA:35,1
DA:36,1
DA:42,10
DA:43,10
DA:45,4
DA:46,1
DA:48,4
DA:49,4
DA:51,1
DA:52,1
DA:54,1
DA:57,7
DA:59,3
DA:60,3
DA:62,3
DA:72,3
DA:80,4
DA:81,4
DA:82,4
DA:84,4
DA:85,1
DA:88,3
DA:89,3
DA:90,1
DA:93,2
DA:94,2
DA:96,2
DA:98,2
DA:100,1
DA:104,4
DA:105,4
DA:107,4
DA:108,1
DA:109,1
DA:112,3
DA:114,4
DA:116,3
DA:120,1
DA:121,1
LF:51
LH:51
BRDA:12,0,0,1
BRDA:12,0,1,12
BRDA:20,1,0,1
BRDA:20,1,1,11
BRDA:34,2,0,1
BRDA:34,2,1,0
BRDA:43,3,0,10
BRDA:43,3,1,4
BRDA:43,3,2,1
BRDA:43,3,3,1
BRDA:59,4,0,3
BRDA:59,4,1,0
BRDA:84,5,0,1
BRDA:84,5,1,3
BRDA:84,6,0,4
BRDA:84,6,1,3
BRDA:84,6,2,3
BRDA:89,7,0,1
BRDA:89,7,1,2
BRDA:89,8,0,3
BRDA:89,8,1,2
BRDA:105,9,0,4
BRDA:105,9,1,2
BRDA:107,10,0,1
BRDA:107,10,1,3
BRDA:112,11,0,3
BRDA:112,11,1,1
BRF:27
BRH:25
end_of_record
TN:
SF:app/components/BookmarkButton.tsx
FN:10,BookmarkButton
FN:16,(anonymous_1)
FN:17,(anonymous_2)
FN:33,(anonymous_3)
FN:63,(anonymous_4)
FNF:5
FNH:5
FNDA:34,BookmarkButton
FNDA:12,(anonymous_1)
FNDA:12,(anonymous_2)
FNDA:7,(anonymous_3)
FNDA:1,(anonymous_4)
DA:11,34
DA:12,34
DA:13,34
DA:14,34
DA:16,34
DA:17,12
DA:18,12
DA:19,12
DA:20,11
DA:21,11
DA:22,11
DA:24,1
DA:26,12
DA:30,12
DA:33,34
DA:34,7
DA:35,2
DA:36,2
DA:39,5
DA:40,5
DA:42,5
DA:43,5
DA:47,5
DA:48,2
DA:49,2
DA:50,2
DA:51,1
DA:52,1
DA:54,1
DA:58,0
DA:59,0
DA:63,34
DA:64,1
DA:67,34
LF:34
LH:32
BRDA:34,0,0,2
BRDA:34,0,1,5
BRDA:44,1,0,1
BRDA:44,1,1,4
BRDA:47,2,0,2
BRDA:47,2,1,3
BRDA:50,3,0,1
BRDA:50,3,1,1
BRDA:73,4,0,6
BRDA:73,4,1,27
BRDA:76,5,0,12
BRDA:76,5,1,21
BRDA:77,6,0,6
BRDA:77,6,1,27
BRDA:78,7,0,6
BRDA:78,7,1,27
BRDA:80,8,0,6
BRDA:80,8,1,27
BRDA:87,9,0,34
BRDA:87,9,1,3
BRF:20
BRH:20
end_of_record
TN:
SF:app/components/BriefPreview.tsx
FN:15,getPreviewCount
FN:21,incrementPreviewCount
FN:28,BriefPreview
FN:36,(anonymous_3)
FN:49,(anonymous_4)
FN:102,(anonymous_5)
FN:109,(anonymous_6)
FNF:7
FNH:0
FNDA:0,getPreviewCount
FNDA:0,incrementPreviewCount
FNDA:0,BriefPreview
FNDA:0,(anonymous_3)
FNDA:0,(anonymous_4)
FNDA:0,(anonymous_5)
FNDA:0,(anonymous_6)
DA:13,0
DA:16,0
DA:17,0
DA:18,0
DA:22,0
DA:23,0
DA:24,0
DA:25,0
DA:33,0
DA:34,0
DA:36,0
DA:37,0
DA:38,0
DA:41,0
DA:42,0
DA:43,0
DA:44,0
DA:45,0
DA:49,0
DA:50,0
DA:51,0
DA:52,0
DA:55,0
DA:102,0
DA:109,0
LF:25
LH:0
BRDA:16,0,0,0
BRDA:16,0,1,0
BRDA:18,1,0,0
BRDA:18,1,1,0
BRDA:31,2,0,0
BRDA:50,3,0,0
BRDA:50,3,1,0
BRDA:51,4,0,0
BRDA:51,4,1,0
BRDA:61,5,0,0
BRDA:61,5,1,0
BRF:11
BRH:0
end_of_record
TN:
SF:app/components/CitationTooltip.tsx
FN:37,formatPoliticalLean
FN:41,(anonymous_1)
FN:45,formatDate
FN:59,CitationTooltip
FN:70,(anonymous_4)
FN:71,(anonymous_5)
FN:76,(anonymous_6)
FN:84,(anonymous_7)
FN:101,(anonymous_8)
FN:102,(anonymous_9)
FNF:10
FNH:0
FNDA:0,formatPoliticalLean
FNDA:0,(anonymous_1)
FNDA:0,formatDate
FNDA:0,CitationTooltip
FNDA:0,(anonymous_4)
FNDA:0,(anonymous_5)
FNDA:0,(anonymous_6)
FNDA:0,(anonymous_7)
FNDA:0,(anonymous_8)
FNDA:0,(anonymous_9)
DA:28,0
DA:38,0
DA:39,0
DA:41,0
DA:46,0
DA:47,0
DA:48,0
DA:49,0
DA:55,0
DA:64,0
DA:65,0
DA:66,0
DA:67,0
DA:68,0
DA:70,0
DA:71,0
DA:72,0
DA:76,0
DA:77,0
DA:78,0
DA:79,0
DA:81,0
DA:84,0
DA:85,0
DA:86,0
DA:87,0
DA:88,0
DA:91,0
DA:92,0
DA:93,0
DA:94,0
DA:96,0
DA:101,0
DA:102,0
DA:103,0
DA:104,0
DA:109,0
DA:110,0
DA:112,0
LF:39
LH:0
BRDA:38,0,0,0
BRDA:38,0,1,0
BRDA:46,1,0,0
BRDA:46,1,1,0
BRDA:77,2,0,0
BRDA:77,2,1,0
BRDA:85,3,0,0
BRDA:85,3,1,0
BRDA:85,4,0,0
BRDA:85,4,1,0
BRDA:85,4,2,0
BRDA:91,5,0,0
BRDA:91,5,1,0
BRDA:93,6,0,0
BRDA:93,6,1,0
BRDA:103,7,0,0
BRDA:103,7,1,0
BRDA:109,8,0,0
BRDA:109,8,1,0
BRDA:110,9,0,0
BRDA:110,9,1,0
BRDA:124,10,0,0
BRDA:124,10,1,0
BRDA:128,11,0,0
BRDA:128,11,1,0
BRDA:138,12,0,0
BRDA:138,12,1,0
BRDA:153,13,0,0
BRDA:153,13,1,0
BRDA:168,14,0,0
BRDA:168,14,1,0
BRF:31
BRH:0
end_of_record
TN:
SF:app/components/ClarityScoreModal.tsx
FN:40,ClarityScoreModal
FN:50,(anonymous_1)
FN:51,(anonymous_2)
FN:60,(anonymous_3)
FN:66,(anonymous_4)
FN:72,(anonymous_5)
FN:84,(anonymous_6)
FN:92,(anonymous_7)
FN:97,(anonymous_8)
FN:165,(anonymous_9)
FN:214,(anonymous_10)
FN:240,(anonymous_11)
FNF:12
FNH:0
FNDA:0,ClarityScoreModal
FNDA:0,(anonymous_1)
FNDA:0,(anonymous_2)
FNDA:0,(anonymous_3)
FNDA:0,(anonymous_4)
FNDA:0,(anonymous_5)
FNDA:0,(anonymous_6)
FNDA:0,(anonymous_7)
FNDA:0,(anonymous_8)
FNDA:0,(anonymous_9)
FNDA:0,(anonymous_10)
FNDA:0,(anonymous_11)
DA:30,0
DA:48,0
DA:50,0
DA:51,0
DA:52,0
DA:55,0
DA:56,0
DA:57,0
DA:60,0
DA:61,0
DA:62,0
DA:66,0
DA:67,0
DA:70,0
DA:72,0
DA:73,0
DA:74,0
DA:75,0
DA:76,0
DA:83,0
DA:84,0
DA:86,0
DA:87,0
DA:90,0
DA:92,0
DA:95,0
DA:97,0
DA:99,0
DA:166,0
DA:215,0
DA:241,0
LF:31
LH:0
BRDA:45,0,0,0
BRDA:46,1,0,0
BRDA:52,2,0,0
BRDA:52,2,1,0
BRDA:55,3,0,0
BRDA:55,3,1,0
BRDA:67,4,0,0
BRDA:67,4,1,0
BRDA:70,5,0,0
BRDA:70,5,1,0
BRDA:73,6,0,0
BRDA:73,6,1,0
BRDA:74,7,0,0
BRDA:74,7,1,0
BRDA:90,8,0,0
BRDA:90,8,1,0
BRDA:95,9,0,0
BRDA:95,9,1,0
BRF:18
BRH:0
end_of_record
TN:
SF:app/components/CollapsibleSection.tsx
FN:12,CollapsibleSection
FN:24,(anonymous_1)
FN:30,(anonymous_2)
FN:32,(anonymous_3)
FN:38,(anonymous_4)
FN:45,(anonymous_5)
FNF:6
FNH:5
FNDA:33,CollapsibleSection
FNDA:23,(anonymous_1)
FNDA:23,(anonymous_2)
FNDA:0,(anonymous_3)
FNDA:8,(anonymous_4)
FNDA:6,(anonymous_5)
DA:18,33
DA:19,33
DA:20,33
DA:24,33
DA:25,23
DA:26,23
DA:30,33
DA:31,23
DA:32,8
DA:33,0
DA:34,0
DA:37,8
DA:38,8
DA:42,33
DA:45,6
LF:15
LH:13
BRDA:15,0,0,33
BRDA:21,1,0,10
BRDA:21,1,1,23
BRDA:25,2,0,23
BRDA:25,2,1,0
BRDA:26,3,0,8
BRDA:26,3,1,15
BRDA:31,4,0,8
BRDA:31,4,1,15
BRDA:31,5,0,23
BRDA:31,5,1,8
BRDA:33,6,0,0
BRDA:33,6,1,0
BRDA:33,7,0,0
BRDA:33,7,1,0
BRDA:46,8,0,16
BRDA:46,8,1,17
BRDA:51,9,0,33
BRDA:51,9,1,2
BRDA:59,10,0,16
BRDA:59,10,1,17
BRF:21
BRH:16
end_of_record
TN:
SF:app/components/CreditBalance.tsx
FN:11,CreditBalance
FN:16,(anonymous_1)
FN:17,fetchBalance
FNF:3
FNH:3
FNDA:22,CreditBalance
FNDA:11,(anonymous_1)
FNDA:11,fetchBalance
DA:12,22
DA:13,22
DA:14,22
DA:16,22
DA:18,11
DA:19,11
DA:20,10
DA:21,1
DA:22,1
DA:24,9
DA:25,1
DA:27,8
DA:28,8
DA:29,8
DA:33,11
DA:36,11
DA:39,22
DA:40,14
DA:43,8
DA:44,22
DA:46,22
DA:47,2
DA:58,6
LF:23
LH:23
BRDA:11,0,0,22
BRDA:20,1,0,1
BRDA:20,1,1,9
BRDA:24,2,0,1
BRDA:24,2,1,8
BRDA:39,3,0,14
BRDA:39,3,1,8
BRDA:39,4,0,22
BRDA:39,4,1,11
BRDA:43,5,0,8
BRDA:43,5,1,8
BRDA:46,6,0,2
BRDA:46,6,1,20
BRDA:62,7,0,2
BRDA:62,7,1,4
BRDA:67,8,0,2
BRDA:67,8,1,4
BRF:17
BRH:17
end_of_record
TN:
SF:app/components/ErrorBoundary.tsx
FN:19,(anonymous_0)
FN:39,(anonymous_1)
FN:43,(anonymous_2)
FN:44,(anonymous_3)
FN:28,(anonymous_4)
FN:32,(anonymous_5)
FN:33,(anonymous_6)
FN:47,(anonymous_7)
FNF:8
FNH:0
FNDA:0,(anonymous_0)
FNDA:0,(anonymous_1)
FNDA:0,(anonymous_2)
FNDA:0,(anonymous_3)
FNDA:0,(anonymous_4)
FNDA:0,(anonymous_5)
FNDA:0,(anonymous_6)
FNDA:0,(anonymous_7)
DA:20,0
DA:21,0
DA:29,0
DA:33,0
DA:34,0
DA:35,0
DA:39,0
DA:40,0
DA:43,0
DA:44,0
DA:48,0
DA:49,0
DA:50,0
DA:53,0
DA:116,0
LF:15
LH:0
BRDA:48,0,0,0
BRDA:48,0,1,0
BRDA:49,1,0,0
BRDA:49,1,1,0
BRDA:80,2,0,0
BRDA:80,2,1,0
BRDA:94,3,0,0
BRDA:94,3,1,0
BRDA:94,3,2,0
BRDA:102,4,0,0
BRDA:102,4,1,0
BRF:11
BRH:0
end_of_record
TN:
SF:app/components/ErrorMessage.tsx
FN:13,ErrorMessage
FN:48,(anonymous_1)
FNF:2
FNH:2
FNDA:19,ErrorMessage
FNDA:5,(anonymous_1)
DA:19,19
DA:21,19
DA:48,5
LF:3
LH:3
BRDA:37,0,0,19
BRDA:37,0,1,5
BRDA:46,1,0,19
BRDA:46,1,1,12
BRDA:51,2,0,4
BRDA:51,2,1,8
BRDA:66,3,0,19
BRDA:66,3,1,4
BRDA:66,3,2,4
BRF:9
BRH:9
end_of_record
TN:
SF:app/components/FeedbackActions.tsx
FN:13,FeedbackActions
FN:22,(anonymous_1)
FN:30,(anonymous_2)
FN:38,(anonymous_3)
FNF:4
FNH:0
FNDA:0,FeedbackActions
FNDA:0,(anonymous_1)
FNDA:0,(anonymous_2)
FNDA:0,(anonymous_3)
DA:14,0
DA:15,0
DA:16,0
DA:18,0
DA:22,0
DA:30,0
DA:38,0
LF:7
LH:0
BRF:0
BRH:0
end_of_record
TN:
SF:app/components/FeedbackForm.tsx
FN:36,FeedbackForm
FN:52,(anonymous_1)
FN:94,(anonymous_2)
FN:103,(anonymous_3)
FN:107,(anonymous_4)
FN:116,(anonymous_5)
FN:175,(anonymous_6)
FN:190,(anonymous_7)
FN:205,(anonymous_8)
FN:214,(anonymous_9)
FN:233,(anonymous_10)
FN:251,(anonymous_11)
FN:267,(anonymous_12)
FNF:13
FNH:0
FNDA:0,FeedbackForm
FNDA:0,(anonymous_1)
FNDA:0,(anonymous_2)
FNDA:0,(anonymous_3)
FNDA:0,(anonymous_4)
FNDA:0,(anonymous_5)
FNDA:0,(anonymous_6)
FNDA:0,(anonymous_7)
FNDA:0,(anonymous_8)
FNDA:0,(anonymous_9)
FNDA:0,(anonymous_10)
FNDA:0,(anonymous_11)
FNDA:0,(anonymous_12)
DA:37,0
DA:39,0
DA:41,0
DA:42,0
DA:45,0
DA:46,0
DA:47,0
DA:48,0
DA:52,0
DA:53,0
DA:54,0
DA:55,0
DA:58,0
DA:59,0
DA:61,0
DA:62,0
DA:67,0
DA:76,0
DA:79,0
DA:80,0
DA:83,0
DA:90,0
DA:91,0
DA:94,0
DA:96,0
DA:97,0
DA:99,0
DA:103,0
DA:104,0
DA:107,0
DA:108,0
DA:109,0
DA:110,0
DA:112,0
DA:113,0
DA:116,0
DA:117,0
DA:118,0
DA:122,0
DA:123,0
DA:133,0
DA:175,0
DA:190,0
DA:205,0
DA:214,0
DA:233,0
DA:252,0
DA:253,0
DA:267,0
LF:49
LH:0
BRDA:53,0,0,0
BRDA:53,0,1,0
BRDA:73,1,0,0
BRDA:73,1,1,0
BRDA:76,2,0,0
BRDA:76,2,1,0
BRDA:79,3,0,0
BRDA:79,3,1,0
BRDA:79,4,0,0
BRDA:79,4,1,0
BRDA:84,5,0,0
BRDA:84,5,1,0
BRDA:86,6,0,0
BRDA:86,6,1,0
BRDA:108,7,0,0
BRDA:108,7,1,0
BRDA:117,8,0,0
BRDA:117,8,1,0
BRDA:117,9,0,0
BRDA:117,9,1,0
BRDA:122,10,0,0
BRDA:122,10,1,0
BRDA:142,11,0,0
BRDA:142,11,1,0
BRDA:149,12,0,0
BRDA:149,12,1,0
BRDA:158,13,0,0
BRDA:158,13,1,0
BRDA:165,14,0,0
BRDA:165,14,1,0
BRDA:176,15,0,0
BRDA:176,15,1,0
BRDA:178,16,0,0
BRDA:178,16,1,0
BRDA:184,17,0,0
BRDA:184,17,1,0
BRDA:191,18,0,0
BRDA:191,18,1,0
BRDA:193,19,0,0
BRDA:193,19,1,0
BRDA:199,20,0,0
BRDA:199,20,1,0
BRDA:224,21,0,0
BRDA:224,21,1,0
BRDA:227,22,0,0
BRDA:227,22,1,0
BRDA:235,23,0,0
BRDA:235,23,1,0
BRDA:245,24,0,0
BRDA:245,24,1,0
BRDA:264,25,0,0
BRDA:264,25,1,0
BRF:52
BRH:0
end_of_record
TN:
SF:app/components/FreeBriefsRemaining.tsx
FN:13,FreeBriefsRemaining
FN:18,(anonymous_1)
FNF:2
FNH:2
FNDA:7,FreeBriefsRemaining
FNDA:5,(anonymous_1)
DA:14,7
DA:16,7
DA:18,5
DA:19,5
DA:20,2
DA:27,3
DA:28,1
DA:35,2
DA:43,5
DA:45,5
LF:10
LH:10
BRDA:16,0,0,2
BRDA:16,0,1,5
BRDA:16,1,0,7
BRDA:16,1,1,6
BRDA:19,2,0,2
BRDA:19,2,1,3
BRDA:27,3,0,1
BRDA:27,3,1,2
BRF:8
BRH:8
end_of_record
TN:
SF:app/components/GenerationFailed.tsx
FN:12,GenerationFailed
FNF:1
FNH:1
FNDA:11,GenerationFailed
DA:18,11
LF:1
LH:1
BRDA:14,0,0,11
BRDA:16,1,0,11
BRDA:44,2,0,1
BRDA:44,2,1,10
BRDA:56,3,0,11
BRDA:56,3,1,10
BRF:6
BRH:6
end_of_record
TN:
SF:app/components/Header.tsx
FN:7,Header
FNF:1
FNH:0
FNDA:0,Header
DA:8,0
LF:1
LH:0
BRF:0
BRH:0
end_of_record
TN:
SF:app/components/LowBalanceWarning.tsx
FN:13,LowBalanceWarning
FN:19,(anonymous_1)
FN:25,fetchBalance
FN:47,(anonymous_3)
FNF:4
FNH:0
FNDA:0,LowBalanceWarning
FNDA:0,(anonymous_1)
FNDA:0,fetchBalance
FNDA:0,(anonymous_3)
DA:7,0
DA:14,0
DA:15,0
DA:16,0
DA:17,0
DA:19,0
DA:20,0
DA:21,0
DA:22,0
DA:26,0
DA:27,0
DA:28,0
DA:29,0
DA:30,0
DA:32,0
DA:33,0
DA:35,0
DA:36,0
DA:37,0
DA:41,0
DA:44,0
DA:47,0
DA:48,0
DA:49,0
DA:50,0
DA:54,0
DA:55,0
DA:58,0
DA:60,0
DA:61,0
DA:64,0
LF:31
LH:0
BRDA:13,0,0,0
BRDA:20,1,0,0
BRDA:20,1,1,0
BRDA:28,2,0,0
BRDA:28,2,1,0
BRDA:32,3,0,0
BRDA:32,3,1,0
BRDA:49,4,0,0
BRDA:49,4,1,0
BRDA:54,5,0,0
BRDA:54,5,1,0
BRDA:54,6,0,0
BRDA:54,6,1,0
BRDA:54,6,2,0
BRDA:58,7,0,0
BRDA:58,7,1,0
BRDA:58,7,2,0
BRDA:60,8,0,0
BRDA:60,8,1,0
BRDA:77,9,0,0
BRDA:77,9,1,0
BRF:21
BRH:0
end_of_record
TN:
SF:app/components/NarrativeSection.tsx
FN:17,parseNarrativeWithCitations
FN:43,(anonymous_1)
FN:66,NarrativeSection
FN:67,(anonymous_3)
FN:73,(anonymous_4)
FN:83,(anonymous_5)
FNF:6
FNH:0
FNDA:0,parseNarrativeWithCitations
FNDA:0,(anonymous_1)
FNDA:0,NarrativeSection
FNDA:0,(anonymous_3)
FNDA:0,(anonymous_4)
FNDA:0,(anonymous_5)
DA:22,0
DA:23,0
DA:24,0
DA:27,0
DA:29,0
DA:30,0
DA:33,0
DA:34,0
DA:35,0
DA:37,0
DA:38,0
DA:43,0
DA:48,0
DA:55,0
DA:59,0
DA:60,0
DA:63,0
DA:67,0
DA:68,0
DA:69,0
DA:70,0
DA:72,0
DA:73,0
DA:74,0
DA:79,0
DA:81,0
DA:84,0
LF:27
LH:0
BRDA:29,0,0,0
BRDA:29,0,1,0
BRDA:37,1,0,0
BRDA:37,1,1,0
BRDA:59,2,0,0
BRDA:59,2,1,0
BRDA:69,3,0,0
BRDA:69,3,1,0
BRF:8
BRH:0
end_of_record
TN:
SF:app/components/OfflineBanner.tsx
FN:6,OfflineBanner
FN:9,(anonymous_1)
FN:12,(anonymous_2)
FN:13,(anonymous_3)
FN:18,(anonymous_4)
FNF:5
FNH:0
FNDA:0,OfflineBanner
FNDA:0,(anonymous_1)
FNDA:0,(anonymous_2)
FNDA:0,(anonymous_3)
FNDA:0,(anonymous_4)
DA:7,0
DA:9,0
DA:10,0
DA:12,0
DA:13,0
DA:15,0
DA:16,0
DA:18,0
DA:19,0
DA:20,0
DA:24,0
DA:25,0
DA:28,0
LF:13
LH:0
BRDA:24,0,0,0
BRDA:24,0,1,0
BRF:2
BRH:0
end_of_record
TN:
SF:app/components/ProposeEditModal.tsx
FN:23,ProposeEditModal
FN:37,(anonymous_1)
FN:45,(anonymous_2)
FN:54,(anonymous_3)
FN:62,(anonymous_4)
FN:102,(anonymous_5)
FN:124,(anonymous_6)
FN:185,(anonymous_7)
FN:188,(anonymous_8)
FN:211,(anonymous_9)
FN:233,(anonymous_10)
FN:255,(anonymous_11)
FNF:12
FNH:0
FNDA:0,ProposeEditModal
FNDA:0,(anonymous_1)
FNDA:0,(anonymous_2)
FNDA:0,(anonymous_3)
FNDA:0,(anonymous_4)
FNDA:0,(anonymous_5)
FNDA:0,(anonymous_6)
FNDA:0,(anonymous_7)
FNDA:0,(anonymous_8)
FNDA:0,(anonymous_9)
FNDA:0,(anonymous_10)
FNDA:0,(anonymous_11)
DA:14,0
DA:21,0
DA:28,0
DA:29,0
DA:30,0
DA:31,0
DA:32,0
DA:33,0
DA:34,0
DA:35,0
DA:37,0
DA:38,0
DA:41,0
DA:42,0
DA:45,0
DA:46,0
DA:47,0
DA:48,0
DA:49,0
DA:51,0
DA:54,0
DA:55,0
DA:56,0
DA:57,0
DA:58,0
DA:59,0
DA:62,0
DA:63,0
DA:65,0
DA:66,0
DA:67,0
DA:70,0
DA:71,0
DA:72,0
DA:75,0
DA:76,0
DA:77,0
DA:80,0
DA:81,0
DA:82,0
DA:85,0
DA:86,0
DA:88,0
DA:89,0
DA:100,0
DA:101,0
DA:102,0
DA:103,0
DA:104,0
DA:105,0
DA:108,0
DA:109,0
DA:112,0
DA:114,0
DA:119,0
DA:124,0
DA:125,0
DA:129,0
DA:185,0
DA:189,0
DA:211,0
DA:233,0
DA:255,0
LF:63
LH:0
BRDA:46,0,0,0
BRDA:46,0,1,0
BRDA:65,1,0,0
BRDA:65,1,1,0
BRDA:70,2,0,0
BRDA:70,2,1,0
BRDA:75,3,0,0
BRDA:75,3,1,0
BRDA:80,4,0,0
BRDA:80,4,1,0
BRDA:100,5,0,0
BRDA:100,5,1,0
BRDA:109,6,0,0
BRDA:109,6,1,0
BRDA:119,7,0,0
BRDA:119,7,1,0
BRDA:119,7,2,0
BRDA:119,7,3,0
BRDA:125,8,0,0
BRDA:125,8,1,0
BRDA:134,9,0,0
BRDA:134,9,1,0
BRDA:161,10,0,0
BRDA:161,10,1,0
BRDA:262,11,0,0
BRDA:262,11,1,0
BRDA:268,12,0,0
BRDA:268,12,1,0
BRDA:270,13,0,0
BRDA:270,13,1,0
BRDA:270,14,0,0
BRDA:270,14,1,0
BRDA:275,15,0,0
BRDA:275,15,1,0
BRF:34
BRH:0
end_of_record
TN:
SF:app/components/QualityBadge.tsx
FN:11,QualityBadge
FN:43,(anonymous_1)
FN:44,(anonymous_2)
FN:45,(anonymous_3)
FN:46,(anonymous_4)
FNF:5
FNH:5
FNDA:30,QualityBadge
FNDA:5,(anonymous_1)
FNDA:1,(anonymous_2)
FNDA:2,(anonymous_3)
FNDA:1,(anonymous_4)
DA:15,30
DA:17,30
DA:18,30
DA:20,30
DA:26,30
DA:28,30
DA:34,30
DA:35,2
DA:38,28
DA:43,5
DA:44,1
DA:45,2
DA:46,1
LF:13
LH:13
BRDA:13,0,0,30
BRDA:18,1,0,30
BRDA:18,1,1,25
BRDA:20,2,0,6
BRDA:20,2,1,24
BRDA:22,3,0,19
BRDA:22,3,1,5
BRDA:26,4,0,6
BRDA:26,4,1,24
BRDA:28,5,0,6
BRDA:28,5,1,24
BRDA:30,6,0,19
BRDA:30,6,1,5
BRDA:34,7,0,2
BRDA:34,7,1,28
BRDA:34,8,0,30
BRDA:34,8,1,25
BRDA:54,9,0,28
BRDA:54,9,1,7
BRF:19
BRH:19
end_of_record
TN:
SF:app/components/QuestionInput.tsx
FN:22,QuestionInput2
FN:37,(anonymous_1)
FN:41,(anonymous_2)
FN:47,(anonymous_3)
FN:48,(anonymous_4)
FN:51,(anonymous_5)
FN:54,(anonymous_6)
FN:61,(anonymous_7)
FN:80,(anonymous_8)
FN:119,(anonymous_9)
FN:124,(anonymous_10)
FN:125,(anonymous_11)
FN:132,(anonymous_12)
FN:135,(anonymous_13)
FN:146,(anonymous_14)
FN:152,(anonymous_15)
FN:169,(anonymous_16)
FN:175,(anonymous_17)
FN:199,(anonymous_18)
FN:201,(anonymous_19)
FN:235,(anonymous_20)
FN:239,(anonymous_21)
FN:240,(anonymous_22)
FNF:23
FNH:0
FNDA:0,QuestionInput2
FNDA:0,(anonymous_1)
FNDA:0,(anonymous_2)
FNDA:0,(anonymous_3)
FNDA:0,(anonymous_4)
FNDA:0,(anonymous_5)
FNDA:0,(anonymous_6)
FNDA:0,(anonymous_7)
FNDA:0,(anonymous_8)
FNDA:0,(anonymous_9)
FNDA:0,(anonymous_10)
FNDA:0,(anonymous_11)
FNDA:0,(anonymous_12)
FNDA:0,(anonymous_13)
FNDA:0,(anonymous_14)
FNDA:0,(anonymous_15)
FNDA:0,(anonymous_16)
FNDA:0,(anonymous_17)
FNDA:0,(anonymous_18)
FNDA:0,(anonymous_19)
FNDA:0,(anonymous_20)
FNDA:0,(anonymous_21)
FNDA:0,(anonymous_22)
DA:22,0
DA:26,0
DA:27,0
DA:28,0
DA:29,0
DA:30,0
DA:31,0
DA:32,0
DA:33,0
DA:34,0
DA:35,0
DA:37,0
DA:38,0
DA:39,0
DA:41,0
DA:42,0
DA:47,0
DA:49,0
DA:52,0
DA:54,0
DA:55,0
DA:61,0
DA:63,0
DA:64,0
DA:67,0
DA:68,0
DA:69,0
DA:70,0
DA:71,0
DA:72,0
DA:76,0
DA:77,0
DA:80,0
DA:81,0
DA:82,0
DA:84,0
DA:85,0
DA:90,0
DA:92,0
DA:93,0
DA:94,0
DA:97,0
DA:99,0
DA:101,0
DA:102,0
DA:104,0
DA:105,0
DA:106,0
DA:110,0
DA:111,0
DA:112,0
DA:115,0
DA:119,0
DA:120,0
DA:124,0
DA:125,0
DA:126,0
DA:127,0
DA:131,0
DA:132,0
DA:135,0
DA:136,0
DA:137,0
DA:138,0
DA:140,0
DA:143,0
DA:145,0
DA:146,0
DA:147,0
DA:149,0
DA:151,0
DA:152,0
DA:153,0
DA:155,0
DA:156,0
DA:157,0
DA:159,0
DA:161,0
DA:162,0
DA:164,0
DA:165,0
DA:169,0
DA:170,0
DA:171,0
DA:172,0
DA:175,0
DA:176,0
DA:177,0
DA:179,0
DA:180,0
DA:181,0
DA:182,0
DA:184,0
DA:188,0
DA:199,0
DA:202,0
DA:203,0
DA:236,0
DA:239,0
DA:240,0
LF:100
LH:0
BRDA:24,0,0,0
BRDA:38,1,0,0
BRDA:38,1,1,0
BRDA:63,2,0,0
BRDA:63,2,1,0
BRDA:67,3,0,0
BRDA:67,3,1,0
BRDA:90,4,0,0
BRDA:90,4,1,0
BRDA:99,5,0,0
BRDA:99,5,1,0
BRDA:110,6,0,0
BRDA:110,6,1,0
BRDA:110,7,0,0
BRDA:110,7,1,0
BRDA:126,8,0,0
BRDA:126,8,1,0
BRDA:126,9,0,0
BRDA:126,9,1,0
BRDA:136,10,0,0
BRDA:136,10,1,0
BRDA:136,11,0,0
BRDA:136,11,1,0
BRDA:137,12,0,0
BRDA:137,12,1,0
BRDA:143,13,0,0
BRDA:143,13,1,0
BRDA:143,13,2,0
BRDA:143,13,3,0
BRDA:143,13,4,0
BRDA:147,14,0,0
BRDA:147,14,1,0
BRDA:152,15,0,0
BRDA:152,15,1,0
BRDA:155,16,0,0
BRDA:155,16,1,0
BRDA:155,17,0,0
BRDA:155,17,1,0
BRDA:177,18,0,0
BRDA:177,18,1,0
BRDA:177,19,0,0
BRDA:177,19,1,0
BRDA:202,20,0,0
BRDA:202,20,1,0
BRDA:213,21,0,0
BRDA:213,21,1,0
BRDA:216,22,0,0
BRDA:216,22,1,0
BRDA:227,23,0,0
BRDA:227,23,1,0
BRDA:229,24,0,0
BRDA:229,24,1,0
BRDA:229,25,0,0
BRDA:229,25,1,0
BRDA:242,26,0,0
BRDA:242,26,1,0
BRDA:249,27,0,0
BRDA:249,27,1,0
BRDA:250,28,0,0
BRDA:250,28,1,0
BRDA:251,29,0,0
BRDA:251,29,1,0
BRF:62
BRH:0
end_of_record
TN:
SF:app/components/ReadingLevelSelector.tsx
FN:17,ReadingLevelSelector
FN:24,(anonymous_1)
FN:27,(anonymous_2)
FNF:3
FNH:0
FNDA:0,ReadingLevelSelector
FNDA:0,(anonymous_1)
FNDA:0,(anonymous_2)
DA:11,0
DA:22,0
DA:25,0
DA:27,0
LF:4
LH:0
BRDA:20,0,0,0
BRDA:23,1,0,0
BRDA:23,1,1,0
BRDA:28,2,0,0
BRDA:28,2,1,0
BRDA:29,3,0,0
BRDA:29,3,1,0
BRF:7
BRH:0
end_of_record
TN:
SF:app/components/ReadingProgressBar.tsx
FN:9,ReadingProgressBar
FN:13,(anonymous_1)
FN:14,(anonymous_2)
FN:58,(anonymous_3)
FN:70,(anonymous_4)
FNF:5
FNH:0
FNDA:0,ReadingProgressBar
FNDA:0,(anonymous_1)
FNDA:0,(anonymous_2)
FNDA:0,(anonymous_3)
FNDA:0,(anonymous_4)
DA:10,0
DA:11,0
DA:13,0
DA:14,0
DA:15,0
DA:19,0
DA:20,0
DA:21,0
DA:22,0
DA:23,0
DA:24,0
DA:26,0
DA:27,0
DA:29,0
DA:30,0
DA:31,0
DA:34,0
DA:35,0
DA:36,0
DA:37,0
DA:39,0
DA:40,0
DA:43,0
DA:44,0
DA:45,0
DA:47,0
DA:48,0
DA:49,0
DA:50,0
DA:53,0
DA:54,0
DA:58,0
DA:59,0
DA:60,0
DA:62,0
DA:65,0
DA:67,0
DA:68,0
DA:70,0
DA:71,0
DA:72,0
DA:73,0
DA:74,0
DA:79,0
LF:44
LH:0
BRDA:15,0,0,0
BRDA:15,0,1,0
BRDA:19,1,0,0
BRDA:19,1,1,0
BRDA:29,2,0,0
BRDA:29,2,1,0
BRDA:30,3,0,0
BRDA:30,3,1,0
BRDA:34,4,0,0
BRDA:34,4,1,0
BRDA:36,5,0,0
BRDA:36,5,1,0
BRDA:48,6,0,0
BRDA:48,6,1,0
BRDA:59,7,0,0
BRDA:59,7,1,0
BRDA:73,8,0,0
BRDA:73,8,1,0
BRF:18
BRH:0
end_of_record
TN:
SF:app/components/SaveBriefButton.tsx
FN:14,SaveBriefButton
FN:26,(anonymous_1)
FN:27,(anonymous_2)
FN:56,(anonymous_3)
FN:75,(anonymous_4)
FN:78,(anonymous_5)
FNF:6
FNH:0
FNDA:0,SaveBriefButton
FNDA:0,(anonymous_1)
FNDA:0,(anonymous_2)
FNDA:0,(anonymous_3)
FNDA:0,(anonymous_4)
FNDA:0,(anonymous_5)
DA:19,0
DA:20,0
DA:21,0
DA:22,0
DA:24,0
DA:26,0
DA:27,0
DA:30,0
DA:32,0
DA:34,0
DA:35,0
DA:36,0
DA:41,0
DA:48,0
DA:49,0
DA:52,0
DA:56,0
DA:57,0
DA:58,0
DA:59,0
DA:61,0
DA:68,0
DA:70,0
DA:72,0
DA:75,0
DA:78,0
DA:79,0
DA:80,0
DA:81,0
DA:84,0
DA:85,0
DA:86,0
DA:89,0
DA:94,0
DA:98,0
DA:102,0
DA:105,0
DA:107,0
DA:111,0
DA:113,0
LF:40
LH:0
BRDA:16,0,0,0
BRDA:17,1,0,0
BRDA:32,2,0,0
BRDA:32,2,1,0
BRDA:34,3,0,0
BRDA:34,3,1,0
BRDA:57,4,0,0
BRDA:57,4,1,0
BRDA:59,5,0,0
BRDA:59,5,1,0
BRDA:79,6,0,0
BRDA:79,6,1,0
BRDA:86,7,0,0
BRDA:86,7,1,0
BRDA:111,8,0,0
BRDA:111,8,1,0
BRDA:118,9,0,0
BRDA:118,9,1,0
BRDA:120,10,0,0
BRDA:120,10,1,0
BRDA:122,11,0,0
BRDA:122,11,1,0
BRDA:125,12,0,0
BRDA:125,12,1,0
BRDA:127,13,0,0
BRDA:127,13,1,0
BRDA:128,14,0,0
BRDA:128,14,1,0
BRF:28
BRH:0
end_of_record
TN:
SF:app/components/ShareMenu.tsx
FN:16,addUtmParams
FN:23,ShareMenu
FN:29,(anonymous_2)
FN:33,(anonymous_3)
FN:38,(anonymous_4)
FN:39,handleClickOutside
FN:48,(anonymous_6)
FN:53,(anonymous_7)
FN:57,(anonymous_8)
FN:72,(anonymous_9)
FN:78,(anonymous_10)
FN:87,(anonymous_11)
FN:96,(anonymous_12)
FN:105,(anonymous_13)
FN:114,(anonymous_14)
FN:122,(anonymous_15)
FN:132,(anonymous_16)
FN:153,(anonymous_17)
FNF:18
FNH:0
FNDA:0,addUtmParams
FNDA:0,ShareMenu
FNDA:0,(anonymous_2)
FNDA:0,(anonymous_3)
FNDA:0,(anonymous_4)
FNDA:0,handleClickOutside
FNDA:0,(anonymous_6)
FNDA:0,(anonymous_7)
FNDA:0,(anonymous_8)
FNDA:0,(anonymous_9)
FNDA:0,(anonymous_10)
FNDA:0,(anonymous_11)
FNDA:0,(anonymous_12)
FNDA:0,(anonymous_13)
FNDA:0,(anonymous_14)
FNDA:0,(anonymous_15)
FNDA:0,(anonymous_16)
FNDA:0,(anonymous_17)
DA:17,0
DA:18,0
DA:19,0
DA:20,0
DA:24,0
DA:25,0
DA:26,0
DA:27,0
DA:29,0
DA:30,0
DA:33,0
DA:34,0
DA:35,0
DA:38,0
DA:40,0
DA:41,0
DA:45,0
DA:46,0
DA:48,0
DA:49,0
DA:53,0
DA:54,0
DA:55,0
DA:56,0
DA:57,0
DA:59,0
DA:69,0
DA:72,0
DA:79,0
DA:88,0
DA:97,0
DA:106,0
DA:114,0
DA:119,0
DA:122,0
DA:133,0
DA:134,0
DA:146,0
DA:153,0
LF:39
LH:0
BRDA:23,0,0,0
BRDA:34,1,0,0
BRDA:34,1,1,0
BRDA:40,2,0,0
BRDA:40,2,1,0
BRDA:40,3,0,0
BRDA:40,3,1,0
BRDA:45,4,0,0
BRDA:45,4,1,0
BRDA:72,5,0,0
BRDA:72,5,1,0
BRDA:74,6,0,0
BRDA:74,6,1,0
BRDA:83,7,0,0
BRDA:83,7,1,0
BRDA:115,8,0,0
BRDA:115,8,1,0
BRDA:130,9,0,0
BRDA:130,9,1,0
BRDA:133,10,0,0
BRDA:133,10,1,0
BRDA:141,11,0,0
BRDA:141,11,1,0
BRDA:164,12,0,0
BRDA:164,12,1,0
BRF:25
BRH:0
end_of_record
TN:
SF:app/components/Skeleton.tsx
FN:7,Skeleton
FN:26,(anonymous_1)
FNF:2
FNH:0
FNDA:0,Skeleton
FNDA:0,(anonymous_1)
DA:12,0
DA:14,0
DA:16,0
DA:24,0
DA:27,0
DA:36,0
DA:52,0
DA:60,0
DA:68,0
LF:9
LH:0
BRDA:8,0,0,0
BRDA:9,1,0,0
BRDA:10,2,0,0
BRDA:14,3,0,0
BRDA:14,3,1,0
BRDA:14,3,2,0
BRDA:14,3,3,0
BRDA:14,3,4,0
BRDA:14,3,5,0
BRDA:29,4,0,0
BRDA:29,4,1,0
BRF:11
BRH:0
end_of_record
TN:
SF:app/components/SourcesSection.tsx
FN:24,getPoliticalLeanColor
FN:34,getSourceTypeBadgeColor
FN:41,SourceCard
FN:105,(anonymous_3)
FN:117,SourcesSection
FN:122,(anonymous_5)
FNF:6
FNH:0
FNDA:0,getPoliticalLeanColor
FNDA:0,getSourceTypeBadgeColor
FNDA:0,SourceCard
FNDA:0,(anonymous_3)
FNDA:0,SourcesSection
FNDA:0,(anonymous_5)
DA:25,0
DA:26,0
DA:27,0
DA:28,0
DA:29,0
DA:30,0
DA:31,0
DA:35,0
DA:36,0
DA:37,0
DA:38,0
DA:42,0
DA:43,0
DA:44,0
DA:48,0
DA:105,0
DA:118,0
DA:123,0
LF:18
LH:0
BRDA:26,0,0,0
BRDA:26,0,1,0
BRDA:27,1,0,0
BRDA:27,1,1,0
BRDA:28,2,0,0
BRDA:28,2,1,0
BRDA:29,3,0,0
BRDA:29,3,1,0
BRDA:30,4,0,0
BRDA:30,4,1,0
BRDA:36,5,0,0
BRDA:36,5,1,0
BRDA:37,6,0,0
BRDA:37,6,1,0
BRDA:43,7,0,0
BRDA:43,7,1,0
BRDA:44,8,0,0
BRDA:44,8,1,0
BRDA:44,9,0,0
BRDA:44,9,1,0
BRDA:98,10,0,0
BRDA:98,10,1,0
BRDA:103,11,0,0
BRDA:103,11,1,0
BRDA:108,12,0,0
BRDA:108,12,1,0
BRF:26
BRH:0
end_of_record
TN:
SF:app/components/SpotErrorModal.tsx
FN:24,SpotErrorModal
FN:37,(anonymous_1)
FN:45,(anonymous_2)
FN:54,(anonymous_3)
FN:61,(anonymous_4)
FN:90,(anonymous_5)
FN:168,(anonymous_6)
FN:171,(anonymous_7)
FN:194,(anonymous_8)
FN:212,(anonymous_9)
FNF:10
FNH:0
FNDA:0,SpotErrorModal
FNDA:0,(anonymous_1)
FNDA:0,(anonymous_2)
FNDA:0,(anonymous_3)
FNDA:0,(anonymous_4)
FNDA:0,(anonymous_5)
FNDA:0,(anonymous_6)
FNDA:0,(anonymous_7)
FNDA:0,(anonymous_8)
FNDA:0,(anonymous_9)
DA:14,0
DA:22,0
DA:29,0
DA:30,0
DA:31,0
DA:32,0
DA:33,0
DA:34,0
DA:35,0
DA:37,0
DA:38,0
DA:41,0
DA:42,0
DA:45,0
DA:46,0
DA:47,0
DA:48,0
DA:49,0
DA:51,0
DA:54,0
DA:55,0
DA:56,0
DA:57,0
DA:58,0
DA:61,0
DA:62,0
DA:64,0
DA:65,0
DA:66,0
DA:69,0
DA:70,0
DA:71,0
DA:74,0
DA:75,0
DA:77,0
DA:78,0
DA:88,0
DA:89,0
DA:90,0
DA:91,0
DA:92,0
DA:93,0
DA:96,0
DA:97,0
DA:100,0
DA:102,0
DA:106,0
DA:107,0
DA:108,0
DA:112,0
DA:168,0
DA:172,0
DA:194,0
DA:212,0
LF:54
LH:0
BRDA:46,0,0,0
BRDA:46,0,1,0
BRDA:64,1,0,0
BRDA:64,1,1,0
BRDA:69,2,0,0
BRDA:69,2,1,0
BRDA:84,3,0,0
BRDA:84,3,1,0
BRDA:88,4,0,0
BRDA:88,4,1,0
BRDA:97,5,0,0
BRDA:97,5,1,0
BRDA:106,6,0,0
BRDA:106,6,1,0
BRDA:108,7,0,0
BRDA:108,7,1,0
BRDA:117,8,0,0
BRDA:117,8,1,0
BRDA:144,9,0,0
BRDA:144,9,1,0
BRDA:218,10,0,0
BRDA:218,10,1,0
BRDA:224,11,0,0
BRDA:224,11,1,0
BRDA:226,12,0,0
BRDA:226,12,1,0
BRDA:226,13,0,0
BRDA:226,13,1,0
BRDA:231,14,0,0
BRDA:231,14,1,0
BRF:30
BRH:0
end_of_record
TN:
SF:app/components/StructuredDataSections.tsx
FN:54,StructuredDataSections
FN:82,(anonymous_1)
FN:135,(anonymous_2)
FN:155,(anonymous_3)
FN:188,(anonymous_4)
FN:203,(anonymous_5)
FN:227,(anonymous_6)
FN:251,(anonymous_7)
FN:277,(anonymous_8)
FN:287,(anonymous_9)
FN:294,(anonymous_10)
FN:331,(anonymous_11)
FNF:12
FNH:0
FNDA:0,StructuredDataSections
FNDA:0,(anonymous_1)
FNDA:0,(anonymous_2)
FNDA:0,(anonymous_3)
FNDA:0,(anonymous_4)
FNDA:0,(anonymous_5)
FNDA:0,(anonymous_6)
FNDA:0,(anonymous_7)
FNDA:0,(anonymous_8)
FNDA:0,(anonymous_9)
FNDA:0,(anonymous_10)
FNDA:0,(anonymous_11)
DA:58,0
DA:60,0
DA:83,0
DA:136,0
DA:156,0
DA:189,0
DA:204,0
DA:228,0
DA:252,0
DA:278,0
DA:288,0
DA:295,0
DA:332,0
LF:13
LH:0
BRDA:58,0,0,0
BRDA:58,1,0,0
BRDA:58,2,0,0
BRDA:58,3,0,0
BRDA:63,4,0,0
BRDA:63,4,1,0
BRDA:92,5,0,0
BRDA:92,5,1,0
BRDA:97,6,0,0
BRDA:97,6,1,0
BRDA:112,7,0,0
BRDA:112,7,1,0
BRDA:118,8,0,0
BRDA:118,8,1,0
BRDA:121,9,0,0
BRDA:121,9,1,0
BRDA:129,10,0,0
BRDA:129,10,1,0
BRDA:129,10,2,0
BRDA:141,11,0,0
BRDA:141,11,1,0
BRDA:149,12,0,0
BRDA:149,12,1,0
BRDA:149,12,2,0
BRDA:166,13,0,0
BRDA:166,13,1,0
BRDA:217,14,0,0
BRDA:217,14,1,0
BRDA:225,15,0,0
BRDA:225,15,1,0
BRDA:235,16,0,0
BRDA:235,16,1,0
BRDA:240,17,0,0
BRDA:240,17,1,0
BRDA:245,18,0,0
BRDA:245,18,1,0
BRDA:245,18,2,0
BRDA:309,19,0,0
BRDA:309,19,1,0
BRF:39
BRH:0
end_of_record
TN:
SF:app/components/SuggestSourceModal.tsx
FN:24,isValidUrl
FN:33,SuggestSourceModal
FN:48,(anonymous_2)
FN:56,(anonymous_3)
FN:65,(anonymous_4)
FN:74,(anonymous_5)
FN:82,(anonymous_6)
FN:107,(anonymous_7)
FN:182,(anonymous_8)
FN:210,(anonymous_9)
FN:227,(anonymous_10)
FN:243,(anonymous_11)
FN:246,(anonymous_12)
FN:264,(anonymous_13)
FNF:14
FNH:0
FNDA:0,isValidUrl
FNDA:0,SuggestSourceModal
FNDA:0,(anonymous_2)
FNDA:0,(anonymous_3)
FNDA:0,(anonymous_4)
FNDA:0,(anonymous_5)
FNDA:0,(anonymous_6)
FNDA:0,(anonymous_7)
FNDA:0,(anonymous_8)
FNDA:0,(anonymous_9)
FNDA:0,(anonymous_10)
FNDA:0,(anonymous_11)
FNDA:0,(anonymous_12)
FNDA:0,(anonymous_13)
DA:14,0
DA:25,0
DA:26,0
DA:27,0
DA:29,0
DA:38,0
DA:39,0
DA:40,0
DA:41,0
DA:42,0
DA:43,0
DA:44,0
DA:45,0
DA:46,0
DA:48,0
DA:49,0
DA:52,0
DA:53,0
DA:56,0
DA:57,0
DA:58,0
DA:59,0
DA:60,0
DA:62,0
DA:65,0
DA:66,0
DA:67,0
DA:68,0
DA:69,0
DA:70,0
DA:71,0
DA:74,0
DA:75,0
DA:76,0
DA:78,0
DA:82,0
DA:83,0
DA:85,0
DA:86,0
DA:87,0
DA:90,0
DA:92,0
DA:93,0
DA:105,0
DA:106,0
DA:107,0
DA:108,0
DA:109,0
DA:110,0
DA:113,0
DA:114,0
DA:117,0
DA:119,0
DA:123,0
DA:125,0
DA:183,0
DA:184,0
DA:210,0
DA:227,0
DA:243,0
DA:247,0
DA:264,0
LF:62
LH:0
BRDA:57,0,0,0
BRDA:57,0,1,0
BRDA:75,1,0,0
BRDA:75,1,1,0
BRDA:75,2,0,0
BRDA:75,2,1,0
BRDA:85,3,0,0
BRDA:85,3,1,0
BRDA:98,4,0,0
BRDA:98,4,1,0
BRDA:99,5,0,0
BRDA:99,5,1,0
BRDA:100,6,0,0
BRDA:100,6,1,0
BRDA:101,7,0,0
BRDA:101,7,1,0
BRDA:105,8,0,0
BRDA:105,8,1,0
BRDA:114,9,0,0
BRDA:114,9,1,0
BRDA:123,10,0,0
BRDA:123,10,1,0
BRDA:130,11,0,0
BRDA:130,11,1,0
BRDA:157,12,0,0
BRDA:157,12,1,0
BRDA:184,13,0,0
BRDA:184,13,1,0
BRDA:189,14,0,0
BRDA:189,14,1,0
BRDA:194,15,0,0
BRDA:194,15,1,0
BRDA:273,16,0,0
BRDA:273,16,1,0
BRDA:275,17,0,0
BRDA:275,17,1,0
BRDA:275,18,0,0
BRDA:275,18,1,0
BRDA:280,19,0,0
BRDA:280,19,1,0
BRF:40
BRH:0
end_of_record
TN:
SF:app/components/SwarmVisualization.tsx
FN:89,SwarmVisualization
FN:96,(anonymous_1)
FN:98,(anonymous_2)
FN:99,(anonymous_3)
FN:101,(anonymous_4)
FN:104,(anonymous_5)
FN:108,(anonymous_6)
FN:131,(anonymous_7)
FNF:8
FNH:0
FNDA:0,SwarmVisualization
FNDA:0,(anonymous_1)
FNDA:0,(anonymous_2)
FNDA:0,(anonymous_3)
FNDA:0,(anonymous_4)
FNDA:0,(anonymous_5)
FNDA:0,(anonymous_6)
FNDA:0,(anonymous_7)
DA:25,0
DA:72,0
DA:94,0
DA:96,0
DA:97,0
DA:98,0
DA:99,0
DA:101,0
DA:104,0
DA:107,0
DA:109,0
DA:112,0
DA:113,0
DA:115,0
DA:119,0
DA:121,0
DA:132,0
DA:133,0
DA:134,0
DA:135,0
DA:136,0
DA:137,0
DA:139,0
DA:140,0
DA:141,0
DA:142,0
DA:144,0
LF:27
LH:0
BRDA:92,0,0,0
BRDA:97,1,0,0
BRDA:97,1,1,0
BRDA:109,2,0,0
BRDA:109,2,1,0
BRDA:112,3,0,0
BRDA:112,3,1,0
BRDA:119,4,0,0
BRDA:119,4,1,0
BRDA:158,5,0,0
BRDA:158,5,1,0
BRDA:160,6,0,0
BRDA:160,6,1,0
BRDA:162,7,0,0
BRDA:162,7,1,0
BRDA:166,8,0,0
BRDA:166,8,1,0
BRDA:169,9,0,0
BRDA:169,9,1,0
BRDA:171,10,0,0
BRDA:171,10,1,0
BRDA:176,11,0,0
BRDA:176,11,1,0
BRDA:178,12,0,0
BRDA:178,12,1,0
BRDA:185,13,0,0
BRDA:185,13,1,0
BRDA:185,13,2,0
BRDA:194,14,0,0
BRDA:194,14,1,0
BRDA:196,15,0,0
BRDA:196,15,1,0
BRDA:210,16,0,0
BRDA:210,16,1,0
BRDA:215,17,0,0
BRDA:215,17,1,0
BRF:36
BRH:0
end_of_record
TN:
SF:app/components/TopicCategoriesGrid.tsx
FN:48,TopicCategoriesGrid
FN:55,(anonymous_1)
FN:61,fetchQuestions
FN:85,(anonymous_3)
FN:93,(anonymous_4)
FN:98,(anonymous_5)
FN:101,(anonymous_6)
FN:140,(anonymous_7)
FN:143,(anonymous_8)
FNF:9
FNH:0
FNDA:0,TopicCategoriesGrid
FNDA:0,(anonymous_1)
FNDA:0,fetchQuestions
FNDA:0,(anonymous_3)
FNDA:0,(anonymous_4)
FNDA:0,(anonymous_5)
FNDA:0,(anonymous_6)
FNDA:0,(anonymous_7)
FNDA:0,(anonymous_8)
DA:31,0
DA:51,0
DA:52,0
DA:53,0
DA:55,0
DA:56,0
DA:57,0
DA:58,0
DA:62,0
DA:63,0
DA:64,0
DA:65,0
DA:72,0
DA:73,0
DA:75,0
DA:76,0
DA:78,0
DA:82,0
DA:85,0
DA:86,0
DA:87,0
DA:89,0
DA:93,0
DA:95,0
DA:99,0
DA:101,0
DA:141,0
DA:143,0
LF:28
LH:0
BRDA:56,0,0,0
BRDA:56,0,1,0
BRDA:72,1,0,0
BRDA:72,1,1,0
BRDA:73,2,0,0
BRDA:73,2,1,0
BRDA:86,3,0,0
BRDA:86,3,1,0
BRDA:106,4,0,0
BRDA:106,4,1,0
BRDA:116,5,0,0
BRDA:116,5,1,0
BRDA:129,6,0,0
BRDA:129,6,1,0
BRDA:134,7,0,0
BRDA:134,7,1,0
BRDA:138,8,0,0
BRDA:138,8,1,0
BRF:18
BRH:0
end_of_record
TN:
SF:app/components/UserMenu.tsx
FN:27,UserMenu
FN:38,(anonymous_1)
FN:39,fetchUser
FN:83,(anonymous_3)
FN:87,(anonymous_4)
FN:90,(anonymous_5)
FN:93,handleClickOutside
FN:100,(anonymous_7)
FN:103,(anonymous_8)
FN:119,(anonymous_9)
FN:130,(anonymous_10)
FN:177,(anonymous_11)
FN:186,(anonymous_12)
FN:200,(anonymous_13)
FNF:14
FNH:0
FNDA:0,UserMenu
FNDA:0,(anonymous_1)
FNDA:0,fetchUser
FNDA:0,(anonymous_3)
FNDA:0,(anonymous_4)
FNDA:0,(anonymous_5)
FNDA:0,handleClickOutside
FNDA:0,(anonymous_7)
FNDA:0,(anonymous_8)
FNDA:0,(anonymous_9)
FNDA:0,(anonymous_10)
FNDA:0,(anonymous_11)
FNDA:0,(anonymous_12)
FNDA:0,(anonymous_13)
DA:28,0
DA:29,0
DA:30,0
DA:31,0
DA:32,0
DA:33,0
DA:34,0
DA:36,0
DA:38,0
DA:42,0
DA:44,0
DA:45,0
DA:46,0
DA:47,0
DA:48,0
DA:52,0
DA:59,0
DA:64,0
DA:71,0
DA:76,0
DA:79,0
DA:83,0
DA:84,0
DA:87,0
DA:90,0
DA:91,0
DA:94,0
DA:95,0
DA:99,0
DA:100,0
DA:103,0
DA:104,0
DA:105,0
DA:106,0
DA:107,0
DA:110,0
DA:111,0
DA:116,0
DA:117,0
DA:119,0
DA:127,0
DA:130,0
DA:177,0
DA:186,0
DA:200,0
LF:45
LH:0
BRDA:44,0,0,0
BRDA:44,0,1,0
BRDA:59,1,0,0
BRDA:59,1,1,0
BRDA:59,1,2,0
BRDA:59,1,3,0
BRDA:68,2,0,0
BRDA:68,2,1,0
BRDA:91,3,0,0
BRDA:91,3,1,0
BRDA:94,4,0,0
BRDA:94,4,1,0
BRDA:94,5,0,0
BRDA:94,5,1,0
BRDA:110,6,0,0
BRDA:110,6,1,0
BRDA:116,7,0,0
BRDA:116,7,1,0
BRDA:135,8,0,0
BRDA:135,8,1,0
BRDA:150,9,0,0
BRDA:150,9,1,0
BRDA:154,10,0,0
BRDA:154,10,1,0
BRDA:158,11,0,0
BRDA:158,11,1,0
BRDA:191,12,0,0
BRDA:191,12,1,0
BRF:28
BRH:0
end_of_record
TN:
SF:app/components/VoteButtons.tsx
FN:18,VoteButtons
FN:28,(anonymous_1)
FN:29,(anonymous_2)
FN:44,(anonymous_3)
FN:128,(anonymous_4)
FN:143,(anonymous_5)
FNF:6
FNH:6
FNDA:39,VoteButtons
FNDA:14,(anonymous_1)
FNDA:14,(anonymous_2)
FNDA:6,(anonymous_3)
FNDA:5,(anonymous_4)
FNDA:1,(anonymous_5)
DA:19,39
DA:24,39
DA:25,39
DA:26,39
DA:28,39
DA:29,14
DA:30,14
DA:31,14
DA:32,14
DA:34,14
DA:35,14
DA:36,14
DA:37,14
DA:39,14
DA:41,14
DA:44,39
DA:45,6
DA:46,0
DA:48,6
DA:49,6
DA:51,6
DA:53,6
DA:54,1
DA:60,1
DA:61,1
DA:62,0
DA:65,5
DA:66,5
DA:82,5
DA:87,5
DA:88,1
DA:92,6
DA:95,39
DA:96,14
DA:104,24
DA:105,2
DA:125,22
DA:128,5
DA:143,1
LF:39
LH:37
BRDA:35,0,0,14
BRDA:35,0,1,0
BRDA:45,1,0,0
BRDA:45,1,1,6
BRDA:48,2,0,0
BRDA:48,2,1,6
BRDA:53,3,0,1
BRDA:53,3,1,5
BRDA:55,4,0,1
BRDA:55,4,1,0
BRDA:56,5,0,0
BRDA:56,5,1,1
BRDA:61,6,0,0
BRDA:61,6,1,1
BRDA:68,7,0,4
BRDA:68,7,1,1
BRDA:70,8,0,0
BRDA:70,8,1,1
BRDA:70,9,0,1
BRDA:70,9,1,0
BRDA:74,10,0,1
BRDA:74,10,1,4
BRDA:76,11,0,0
BRDA:76,11,1,4
BRDA:76,12,0,4
BRDA:76,12,1,0
BRDA:87,13,0,1
BRDA:87,13,1,4
BRDA:95,14,0,14
BRDA:95,14,1,25
BRDA:104,15,0,2
BRDA:104,15,1,22
BRDA:131,16,0,8
BRDA:131,16,1,14
BRDA:134,17,0,6
BRDA:134,17,1,16
BRDA:138,18,0,8
BRDA:138,18,1,14
BRDA:146,19,0,3
BRDA:146,19,1,19
BRDA:149,20,0,6
BRDA:149,20,1,16
BRDA:153,21,0,3
BRDA:153,21,1,19
BRF:44
BRH:34
end_of_record
TN:
SF:app/components/auth/AuthModal.tsx
FN:22,useAuthModal
FN:30,AuthModalProvider
FN:39,(anonymous_2)
FN:48,(anonymous_3)
FN:56,(anonymous_4)
FN:81,(anonymous_5)
FN:123,(anonymous_6)
FN:135,(anonymous_7)
FN:172,(anonymous_8)
FN:255,(anonymous_9)
FNF:10
FNH:0
FNDA:0,useAuthModal
FNDA:0,AuthModalProvider
FNDA:0,(anonymous_2)
FNDA:0,(anonymous_3)
FNDA:0,(anonymous_4)
FNDA:0,(anonymous_5)
FNDA:0,(anonymous_6)
FNDA:0,(anonymous_7)
FNDA:0,(anonymous_8)
FNDA:0,(anonymous_9)
DA:20,0
DA:23,0
DA:24,0
DA:25,0
DA:27,0
DA:31,0
DA:32,0
DA:33,0
DA:34,0
DA:35,0
DA:36,0
DA:37,0
DA:39,0
DA:40,0
DA:41,0
DA:42,0
DA:43,0
DA:44,0
DA:45,0
DA:48,0
DA:49,0
DA:50,0
DA:51,0
DA:52,0
DA:53,0
DA:56,0
DA:57,0
DA:58,0
DA:60,0
DA:61,0
DA:62,0
DA:65,0
DA:67,0
DA:68,0
DA:69,0
DA:70,0
DA:72,0
DA:75,0
DA:77,0
DA:81,0
DA:82,0
DA:83,0
DA:86,0
DA:123,0
DA:135,0
DA:172,0
DA:255,0
LF:47
LH:0
BRDA:24,0,0,0
BRDA:24,0,1,0
BRDA:39,1,0,0
BRDA:60,2,0,0
BRDA:60,2,1,0
BRDA:69,3,0,0
BRDA:69,3,1,0
BRDA:82,4,0,0
BRDA:82,4,1,0
BRDA:102,5,0,0
BRDA:102,5,1,0
BRDA:105,6,0,0
BRDA:105,6,1,0
BRDA:108,7,0,0
BRDA:108,7,1,0
BRDA:113,8,0,0
BRDA:113,8,1,0
BRDA:125,9,0,0
BRDA:125,9,1,0
BRDA:137,10,0,0
BRDA:137,10,1,0
BRDA:147,11,0,0
BRDA:147,11,1,0
BRDA:183,12,0,0
BRDA:183,12,1,0
BRDA:186,13,0,0
BRDA:186,13,1,0
BRDA:198,14,0,0
BRDA:198,14,1,0
BRF:29
BRH:0
end_of_record
TN:
SF:app/components/auth/EmailPasswordForm.tsx
FN:24,EmailPasswordForm
FN:39,(anonymous_1)
FN:96,(anonymous_2)
FN:130,(anonymous_3)
FN:155,(anonymous_4)
FN:180,(anonymous_5)
FN:199,(anonymous_6)
FN:216,(anonymous_7)
FN:224,(anonymous_8)
FN:242,(anonymous_9)
FN:255,(anonymous_10)
FN:286,(anonymous_11)
FN:297,(anonymous_12)
FNF:13
FNH:0
FNDA:0,EmailPasswordForm
FNDA:0,(anonymous_1)
FNDA:0,(anonymous_2)
FNDA:0,(anonymous_3)
FNDA:0,(anonymous_4)
FNDA:0,(anonymous_5)
FNDA:0,(anonymous_6)
FNDA:0,(anonymous_7)
FNDA:0,(anonymous_8)
FNDA:0,(anonymous_9)
FNDA:0,(anonymous_10)
FNDA:0,(anonymous_11)
FNDA:0,(anonymous_12)
DA:32,0
DA:33,0
DA:34,0
DA:35,0
DA:36,0
DA:37,0
DA:39,0
DA:40,0
DA:42,0
DA:43,0
DA:44,0
DA:47,0
DA:48,0
DA:49,0
DA:50,0
DA:53,0
DA:54,0
DA:55,0
DA:58,0
DA:60,0
DA:61,0
DA:62,0
DA:63,0
DA:64,0
DA:65,0
DA:66,0
DA:67,0
DA:69,0
DA:72,0
DA:75,0
DA:76,0
DA:77,0
DA:78,0
DA:80,0
DA:82,0
DA:83,0
DA:84,0
DA:86,0
DA:90,0
DA:92,0
DA:96,0
DA:97,0
DA:99,0
DA:100,0
DA:101,0
DA:104,0
DA:106,0
DA:107,0
DA:108,0
DA:109,0
DA:111,0
DA:114,0
DA:116,0
DA:120,0
DA:121,0
DA:122,0
DA:131,0
DA:132,0
DA:142,0
DA:155,0
DA:180,0
DA:189,0
DA:199,0
DA:216,0
DA:224,0
DA:242,0
DA:255,0
DA:286,0
DA:297,0
LF:69
LH:0
BRDA:42,0,0,0
BRDA:42,0,1,0
BRDA:48,1,0,0
BRDA:48,1,1,0
BRDA:49,2,0,0
BRDA:49,2,1,0
BRDA:53,3,0,0
BRDA:53,3,1,0
BRDA:53,4,0,0
BRDA:53,4,1,0
BRDA:61,5,0,0
BRDA:61,5,1,0
BRDA:63,6,0,0
BRDA:63,6,1,0
BRDA:64,7,0,0
BRDA:64,7,1,0
BRDA:66,8,0,0
BRDA:66,8,1,0
BRDA:76,9,0,0
BRDA:76,9,1,0
BRDA:77,10,0,0
BRDA:77,10,1,0
BRDA:82,11,0,0
BRDA:82,11,1,0
BRDA:82,12,0,0
BRDA:82,12,1,0
BRDA:99,13,0,0
BRDA:99,13,1,0
BRDA:108,14,0,0
BRDA:108,14,1,0
BRDA:120,15,0,0
BRDA:120,15,1,0
BRDA:121,16,0,0
BRDA:121,16,1,0
BRDA:165,17,0,0
BRDA:165,17,1,0
BRDA:168,18,0,0
BRDA:168,18,1,0
BRDA:214,19,0,0
BRDA:214,19,1,0
BRDA:217,20,0,0
BRDA:217,20,1,0
BRDA:220,21,0,0
BRDA:220,21,1,0
BRDA:226,22,0,0
BRDA:226,22,1,0
BRDA:228,23,0,0
BRDA:228,23,1,0
BRDA:233,24,0,0
BRDA:233,24,1,0
BRDA:240,25,0,0
BRDA:240,25,1,0
BRDA:251,26,0,0
BRDA:251,26,1,0
BRDA:265,27,0,0
BRDA:265,27,1,0
BRDA:265,27,2,0
BRDA:268,28,0,0
BRDA:268,28,1,0
BRDA:271,29,0,0
BRDA:271,29,1,0
BRDA:273,30,0,0
BRDA:273,30,1,0
BRDA:281,31,0,0
BRDA:281,31,1,0
BRF:65
BRH:0
end_of_record
TN:
SF:app/components/auth/SocialLoginButtons.tsx
FN:16,SocialLoginButtons
FN:24,(anonymous_1)
FN:41,(anonymous_2)
FN:48,(anonymous_3)
FN:69,SocialIcon
FNF:5
FNH:0
FNDA:0,SocialLoginButtons
FNDA:0,(anonymous_1)
FNDA:0,(anonymous_2)
FNDA:0,(anonymous_3)
FNDA:0,SocialIcon
DA:20,0
DA:24,0
DA:25,0
DA:27,0
DA:28,0
DA:29,0
DA:30,0
DA:33,0
DA:35,0
DA:39,0
DA:42,0
DA:43,0
DA:45,0
DA:48,0
DA:70,0
DA:72,0
DA:93,0
DA:99,0
DA:105,0
LF:19
LH:0
BRDA:17,0,0,0
BRDA:29,1,0,0
BRDA:29,1,1,0
BRDA:49,2,0,0
BRDA:49,2,1,0
BRDA:56,3,0,0
BRDA:56,3,1,0
BRDA:70,4,0,0
BRDA:70,4,1,0
BRDA:70,4,2,0
BRDA:70,4,3,0
BRF:11
BRH:0
end_of_record
TN:
SF:lib/text-formatting.ts
FN:190,applySpellingCorrections
FN:194,(anonymous_1)
FN:220,applyCapitalization
FN:227,(anonymous_3)
FN:283,cleanWhitespace
FN:298,ensureQuestionMark
FN:312,(anonymous_6)
FN:342,formatQuestionTitle
FN:368,wouldFormatChange
FN:377,getFormattingChanges
FN:396,(anonymous_10)
FNF:11
FNH:11
FNDA:59,applySpellingCorrections
FNDA:500,(anonymous_1)
FNDA:59,applyCapitalization
FNDA:495,(anonymous_3)
FNDA:59,cleanWhitespace
FNDA:59,ensureQuestionMark
FNDA:293,(anonymous_6)
FNDA:62,formatQuestionTitle
FNDA:7,wouldFormatChange
FNDA:6,getFormattingChanges
FNDA:17,(anonymous_10)
DA:12,1
DA:169,1
DA:175,1
DA:192,59
DA:194,59
DA:195,500
DA:198,500
DA:199,19
DA:202,19
DA:203,1
DA:204,18
DA:205,1
DA:207,17
DA:210,481
DA:221,59
DA:224,59
DA:225,59
DA:227,59
DA:229,495
DA:230,218
DA:234,277
DA:237,277
DA:238,495
DA:239,495
DA:241,495
DA:244,277
DA:245,14
DA:246,14
DA:247,14
DA:251,263
DA:252,2
DA:253,2
DA:254,2
DA:259,261
DA:261,59
DA:262,202
DA:264,55
DA:267,147
DA:271,261
DA:273,261
DA:284,59
DA:299,59
DA:302,59
DA:308,59
DA:309,59
DA:312,293
DA:315,59
DA:316,2
DA:320,57
DA:321,45
DA:327,12
DA:343,62
DA:344,3
DA:347,59
DA:350,59
DA:353,59
DA:356,59
DA:359,59
DA:361,59
DA:369,7
DA:370,5
DA:382,6
DA:383,6
DA:385,6
DA:386,1
DA:390,5
DA:393,5
DA:394,5
DA:396,5
DA:397,17
DA:398,17
DA:399,2
DA:400,2
DA:401,2
DA:407,5
DA:408,2
DA:412,5
DA:413,4
DA:417,5
DA:418,1
DA:421,5
LF:81
LH:81
BRDA:198,0,0,19
BRDA:198,0,1,481
BRDA:202,1,0,1
BRDA:202,1,1,18
BRDA:202,2,0,19
BRDA:202,2,1,1
BRDA:204,3,0,1
BRDA:204,3,1,17
BRDA:221,4,0,0
BRDA:221,4,1,59
BRDA:229,5,0,218
BRDA:229,5,1,277
BRDA:234,6,0,0
BRDA:234,6,1,277
BRDA:237,7,0,277
BRDA:237,7,1,277
BRDA:238,8,0,495
BRDA:238,8,1,269
BRDA:239,9,0,8
BRDA:239,9,1,269
BRDA:241,10,0,0
BRDA:241,10,1,495
BRDA:244,11,0,14
BRDA:244,11,1,263
BRDA:251,12,0,2
BRDA:251,12,1,261
BRDA:259,13,0,59
BRDA:259,13,1,202
BRDA:262,14,0,55
BRDA:262,14,1,147
BRDA:299,15,0,0
BRDA:299,15,1,59
BRDA:315,16,0,2
BRDA:315,16,1,57
BRDA:315,17,0,59
BRDA:315,17,1,52
BRDA:320,18,0,45
BRDA:320,18,1,12
BRDA:320,19,0,57
BRDA:320,19,1,50
BRDA:343,20,0,3
BRDA:343,20,1,59
BRDA:343,21,0,62
BRDA:343,21,1,59
BRDA:369,22,0,2
BRDA:369,22,1,5
BRDA:385,23,0,1
BRDA:385,23,1,5
BRDA:398,24,0,2
BRDA:398,24,1,15
BRDA:398,25,0,17
BRDA:398,25,1,2
BRDA:400,26,0,2
BRDA:400,26,1,0
BRDA:407,27,0,2
BRDA:407,27,1,3
BRDA:407,28,0,5
BRDA:407,28,1,2
BRDA:412,29,0,4
BRDA:412,29,1,1
BRDA:412,30,0,5
BRDA:412,30,1,4
BRDA:417,31,0,1
BRDA:417,31,1,4
BRF:64
BRH:59
end_of_record
TN:
SF:lib/utils.ts
FN:4,cn
FNF:1
FNH:1
FNDA:408,cn
DA:5,408
LF:1
LH:1
BRF:0
BRH:0
end_of_record
TN:
SF:lib/agents/accountability-personas.ts
FNF:0
FNH:0
DA:15,0
DA:38,0
DA:151,0
DA:216,0
LF:4
LH:0
BRF:0
BRH:0
end_of_record
TN:
SF:lib/agents/accountability-tracker-orchestrator.ts
FN:50,(anonymous_0)
FN:51,(anonymous_1)
FN:55,(anonymous_2)
FN:56,(anonymous_3)
FN:60,(anonymous_4)
FN:61,(anonymous_5)
FN:65,(anonymous_6)
FN:66,(anonymous_7)
FN:70,(anonymous_8)
FN:71,(anonymous_9)
FN:75,(anonymous_10)
FN:76,(anonymous_11)
FN:80,(anonymous_12)
FN:81,(anonymous_13)
FN:85,(anonymous_14)
FN:86,(anonymous_15)
FN:90,(anonymous_16)
FN:91,(anonymous_17)
FN:100,createAccountabilityGraph
FN:141,generateAccountabilityReport
FNF:20
FNH:0
FNDA:0,(anonymous_0)
FNDA:0,(anonymous_1)
FNDA:0,(anonymous_2)
FNDA:0,(anonymous_3)
FNDA:0,(anonymous_4)
FNDA:0,(anonymous_5)
FNDA:0,(anonymous_6)
FNDA:0,(anonymous_7)
FNDA:0,(anonymous_8)
FNDA:0,(anonymous_9)
FNDA:0,(anonymous_10)
FNDA:0,(anonymous_11)
FNDA:0,(anonymous_12)
FNDA:0,(anonymous_13)
FNDA:0,(anonymous_14)
FNDA:0,(anonymous_15)
FNDA:0,(anonymous_16)
FNDA:0,(anonymous_17)
FNDA:0,createAccountabilityGraph
FNDA:0,generateAccountabilityReport
DA:45,0
DA:50,0
DA:51,0
DA:55,0
DA:56,0
DA:60,0
DA:61,0
DA:65,0
DA:66,0
DA:70,0
DA:71,0
DA:75,0
DA:76,0
DA:80,0
DA:81,0
DA:85,0
DA:86,0
DA:90,0
DA:91,0
DA:101,0
DA:114,0
DA:117,0
DA:146,0
DA:147,0
DA:151,0
DA:165,0
DA:166,0
DA:168,0
DA:169,0
DA:170,0
DA:174,0
DA:182,0
DA:183,0
DA:184,0
DA:189,0
DA:190,0
DA:193,0
LF:37
LH:0
BRDA:50,0,0,0
BRDA:50,0,1,0
BRDA:55,1,0,0
BRDA:55,1,1,0
BRDA:60,2,0,0
BRDA:60,2,1,0
BRDA:65,3,0,0
BRDA:65,3,1,0
BRDA:70,4,0,0
BRDA:70,4,1,0
BRDA:75,5,0,0
BRDA:75,5,1,0
BRDA:80,6,0,0
BRDA:80,6,1,0
BRDA:90,7,0,0
BRDA:90,7,1,0
BRDA:162,8,0,0
BRDA:162,8,1,0
BRDA:189,9,0,0
BRDA:189,9,1,0
BRDA:189,10,0,0
BRDA:189,10,1,0
BRF:22
BRH:0
end_of_record
TN:
SF:lib/agents/action-list-agent.ts
FN:18,generateDefaultActionItems
FN:138,validateActionItems
FN:158,validatePriorityBalance
FN:180,ensureRelatedScenarios
FN:184,(anonymous_4)
FN:199,actionListGenerationNode
FN:214,(anonymous_6)
FN:301,(anonymous_7)
FN:311,(anonymous_8)
FN:311,(anonymous_9)
FNF:10
FNH:0
FNDA:0,generateDefaultActionItems
FNDA:0,validateActionItems
FNDA:0,validatePriorityBalance
FNDA:0,ensureRelatedScenarios
FNDA:0,(anonymous_4)
FNDA:0,actionListGenerationNode
FNDA:0,(anonymous_6)
FNDA:0,(anonymous_7)
FNDA:0,(anonymous_8)
FNDA:0,(anonymous_9)
DA:13,0
DA:21,0
DA:139,0
DA:140,0
DA:141,0
DA:143,0
DA:144,0
DA:145,0
DA:148,0
DA:149,0
DA:159,0
DA:161,0
DA:162,0
DA:163,0
DA:167,0
DA:168,0
DA:170,0
DA:171,0
DA:184,0
DA:186,0
DA:187,0
DA:188,0
DA:202,0
DA:203,0
DA:205,0
DA:206,0
DA:208,0
DA:212,0
DA:213,0
DA:214,0
DA:217,0
DA:222,0
DA:223,0
DA:226,0
DA:229,0
DA:230,0
DA:231,0
DA:237,0
DA:241,0
DA:242,0
DA:244,0
DA:264,0
DA:266,0
DA:267,0
DA:268,0
DA:271,0
DA:272,0
DA:273,0
DA:274,0
DA:281,0
DA:282,0
DA:284,0
DA:287,0
DA:288,0
DA:289,0
DA:290,0
DA:296,0
DA:297,0
DA:298,0
DA:300,0
DA:301,0
DA:304,0
DA:305,0
DA:308,0
DA:309,0
DA:310,0
DA:311,0
DA:313,0
DA:316,0
DA:320,0
DA:321,0
DA:323,0
LF:72
LH:0
BRDA:144,0,0,0
BRDA:144,0,1,0
BRDA:144,1,0,0
BRDA:144,1,1,0
BRDA:162,2,0,0
BRDA:162,2,1,0
BRDA:162,3,0,0
BRDA:162,3,1,0
BRDA:170,4,0,0
BRDA:170,4,1,0
BRDA:187,5,0,0
BRDA:187,5,1,0
BRDA:187,6,0,0
BRDA:187,6,1,0
BRDA:188,7,0,0
BRDA:188,7,1,0
BRDA:213,8,0,0
BRDA:213,8,1,0
BRDA:217,9,0,0
BRDA:217,9,1,0
BRDA:217,9,2,0
BRDA:217,9,3,0
BRDA:222,10,0,0
BRDA:222,10,1,0
BRDA:222,11,0,0
BRDA:222,11,1,0
BRDA:227,12,0,0
BRDA:227,12,1,0
BRDA:264,13,0,0
BRDA:264,13,1,0
BRDA:267,14,0,0
BRDA:267,14,1,0
BRDA:304,15,0,0
BRDA:304,15,1,0
BRF:34
BRH:0
end_of_record
TN:
SF:lib/agents/clarity-evaluator-agent.ts
FN:48,buildDimensionGuidelines
FN:51,(anonymous_1)
FN:62,buildEvaluationPrompt
FN:130,extractBriefInput
FN:139,calculateWeightedOverallScore
FN:152,parseClaudeResponse
FN:160,evaluateBrief
FN:189,(anonymous_7)
FN:196,(anonymous_8)
FNF:9
FNH:9
FNDA:27,buildDimensionGuidelines
FNDA:189,(anonymous_1)
FNDA:27,buildEvaluationPrompt
FNDA:1,extractBriefInput
FNDA:25,calculateWeightedOverallScore
FNDA:27,parseClaudeResponse
FNDA:27,evaluateBrief
FNDA:175,(anonymous_7)
FNDA:23,(anonymous_8)
DA:49,27
DA:51,189
DA:66,27
DA:68,27
DA:131,1
DA:140,25
DA:141,25
DA:143,25
DA:144,175
DA:145,175
DA:146,175
DA:149,25
DA:153,27
DA:154,27
DA:155,2
DA:157,25
DA:164,27
DA:166,27
DA:170,27
DA:171,27
DA:173,27
DA:185,27
DA:187,27
DA:189,175
DA:196,27
DA:204,27
DA:206,27
DA:207,27
DA:211,27
LF:29
LH:29
BRDA:84,0,0,26
BRDA:84,0,1,1
BRDA:154,1,0,2
BRDA:154,1,1,25
BRDA:170,2,0,1
BRDA:170,2,1,26
BRDA:185,3,0,27
BRDA:185,3,1,0
BRF:8
BRH:7
end_of_record
TN:
SF:lib/agents/clarity-evaluator-personas.ts
FN:155,getEvaluatorPersona
FN:163,getAllEvaluatorPersonas
FN:167,getPrimaryEvaluatorRoles
FNF:3
FNH:3
FNDA:127,getEvaluatorPersona
FNDA:4,getAllEvaluatorPersonas
FNDA:5,getPrimaryEvaluatorRoles
DA:19,5
DA:51,5
DA:83,5
DA:115,5
DA:148,5
DA:156,127
DA:157,127
DA:158,1
DA:160,126
DA:164,4
DA:168,5
LF:11
LH:11
BRDA:157,0,0,1
BRDA:157,0,1,126
BRF:2
BRH:2
end_of_record
TN:
SF:lib/agents/consensus-scorer.ts
FN:64,delay
FN:65,(anonymous_1)
FN:68,getRetryDelay
FN:74,evaluateWithRetry
FN:146,runParallelEvaluators
FN:156,(anonymous_5)
FN:163,(anonymous_6)
FN:164,(anonymous_7)
FN:176,(anonymous_8)
FN:198,logConsensusExecution
FN:211,(anonymous_10)
FN:228,detectDisagreement
FN:236,(anonymous_12)
FN:251,(anonymous_13)
FN:252,(anonymous_14)
FN:271,(anonymous_15)
FN:279,(anonymous_16)
FN:283,(anonymous_17)
FN:323,getMedian
FN:325,(anonymous_19)
FN:333,calculateDimensionMedianScores
FN:338,(anonymous_21)
FN:339,(anonymous_22)
FN:340,(anonymous_23)
FN:346,(anonymous_24)
FN:347,(anonymous_25)
FN:352,(anonymous_26)
FN:353,(anonymous_27)
FN:366,calculateDimensionScoresWithArbiter
FN:373,(anonymous_29)
FN:376,(anonymous_30)
FN:377,(anonymous_31)
FN:382,(anonymous_32)
FN:388,(anonymous_33)
FN:395,(anonymous_34)
FN:396,(anonymous_35)
FN:402,(anonymous_36)
FN:408,(anonymous_37)
FN:409,(anonymous_38)
FN:422,consolidateCritiques
FN:423,(anonymous_40)
FN:432,calculateWeightedOverall
FN:456,calculateFinalScore
FN:491,(anonymous_43)
FN:521,normalizeIssueText
FN:525,areIssuesSimilar
FN:534,(anonymous_46)
FN:541,severityToScore
FN:549,priorityFromScore
FN:556,mergeIssues
FN:557,(anonymous_50)
FN:562,(anonymous_51)
FN:563,(anonymous_52)
FN:564,(anonymous_53)
FN:567,(anonymous_54)
FN:568,(anonymous_55)
FN:569,(anonymous_56)
FN:593,aggregateCritiques
FN:602,(anonymous_58)
FN:656,(anonymous_59)
FN:660,(anonymous_60)
FN:669,(anonymous_61)
FN:670,(anonymous_62)
FN:671,(anonymous_63)
FNF:64
FNH:51
FNDA:0,delay
FNDA:0,(anonymous_1)
FNDA:0,getRetryDelay
FNDA:0,evaluateWithRetry
FNDA:0,runParallelEvaluators
FNDA:0,(anonymous_5)
FNDA:0,(anonymous_6)
FNDA:0,(anonymous_7)
FNDA:0,(anonymous_8)
FNDA:0,logConsensusExecution
FNDA:0,(anonymous_10)
FNDA:14,detectDisagreement
FNDA:1,(anonymous_12)
FNDA:252,(anonymous_13)
FNDA:1008,(anonymous_14)
FNDA:36,(anonymous_15)
FNDA:36,(anonymous_16)
FNDA:93,(anonymous_17)
FNDA:66,getMedian
FNDA:120,(anonymous_19)
FNDA:7,calculateDimensionMedianScores
FNDA:49,(anonymous_21)
FNDA:133,(anonymous_22)
FNDA:532,(anonymous_23)
FNDA:133,(anonymous_24)
FNDA:532,(anonymous_25)
FNDA:133,(anonymous_26)
FNDA:532,(anonymous_27)
FNDA:3,calculateDimensionScoresWithArbiter
FNDA:21,(anonymous_29)
FNDA:63,(anonymous_30)
FNDA:252,(anonymous_31)
FNDA:84,(anonymous_32)
FNDA:12,(anonymous_33)
FNDA:63,(anonymous_34)
FNDA:252,(anonymous_35)
FNDA:84,(anonymous_36)
FNDA:84,(anonymous_37)
FNDA:336,(anonymous_38)
FNDA:10,consolidateCritiques
FNDA:28,(anonymous_40)
FNDA:10,calculateWeightedOverall
FNDA:10,calculateFinalScore
FNDA:31,(anonymous_43)
FNDA:125,normalizeIssueText
FNDA:52,areIssuesSimilar
FNDA:152,(anonymous_46)
FNDA:54,severityToScore
FNDA:16,priorityFromScore
FNDA:4,mergeIssues
FNDA:4,(anonymous_50)
FNDA:8,(anonymous_51)
FNDA:8,(anonymous_52)
FNDA:0,(anonymous_53)
FNDA:8,(anonymous_54)
FNDA:8,(anonymous_55)
FNDA:0,(anonymous_56)
FNDA:10,aggregateCritiques
FNDA:19,(anonymous_58)
FNDA:14,(anonymous_59)
FNDA:16,(anonymous_60)
FNDA:16,(anonymous_61)
FNDA:16,(anonymous_62)
FNDA:16,(anonymous_63)
DA:58,1
DA:65,0
DA:69,0
DA:70,0
DA:71,0
DA:79,0
DA:80,0
DA:82,0
DA:84,0
DA:85,0
DA:86,0
DA:87,0
DA:88,0
DA:91,0
DA:92,0
DA:95,0
DA:96,0
DA:98,0
DA:102,0
DA:114,0
DA:115,0
DA:122,0
DA:123,0
DA:149,0
DA:150,0
DA:152,0
DA:156,0
DA:157,0
DA:158,0
DA:161,0
DA:163,0
DA:164,0
DA:169,0
DA:171,0
DA:174,0
DA:176,0
DA:179,0
DA:180,0
DA:185,0
DA:199,0
DA:200,0
DA:201,0
DA:203,0
DA:204,0
DA:211,0
DA:213,0
DA:216,1
DA:231,14
DA:232,2
DA:236,1
DA:244,12
DA:245,12
DA:246,12
DA:248,12
DA:250,12
DA:251,84
DA:252,1008
DA:253,252
DA:256,84
DA:257,84
DA:258,84
DA:260,84
DA:262,84
DA:263,9
DA:266,84
DA:267,10
DA:271,36
DA:272,12
DA:273,12
DA:274,12
DA:276,12
DA:277,12
DA:279,12
DA:280,36
DA:282,36
DA:283,93
DA:284,27
DA:285,27
DA:292,36
DA:299,12
DA:301,14
DA:302,9
DA:303,9
DA:304,9
DA:305,9
DA:308,12
DA:324,66
DA:325,120
DA:326,66
DA:327,66
DA:328,0
DA:330,66
DA:336,7
DA:338,7
DA:339,49
DA:340,532
DA:341,133
DA:344,49
DA:345,49
DA:347,532
DA:348,133
DA:352,49
DA:353,532
DA:354,133
DA:357,49
DA:371,3
DA:373,3
DA:374,21
DA:376,21
DA:377,252
DA:378,63
DA:381,21
DA:382,84
DA:386,21
DA:387,4
DA:388,12
DA:389,4
DA:391,17
DA:394,21
DA:396,252
DA:397,63
DA:401,21
DA:402,84
DA:404,21
DA:405,21
DA:408,21
DA:409,336
DA:410,84
DA:413,21
DA:423,28
DA:425,10
DA:426,3
DA:429,10
DA:433,10
DA:434,10
DA:436,10
DA:437,70
DA:438,70
DA:439,70
DA:442,10
DA:457,10
DA:461,10
DA:464,10
DA:465,3
DA:466,3
DA:471,3
DA:472,3
DA:474,3
DA:475,7
DA:476,1
DA:477,1
DA:479,1
DA:481,6
DA:482,6
DA:484,6
DA:487,10
DA:488,10
DA:490,10
DA:491,31
DA:493,10
DA:495,10
DA:522,125
DA:526,52
DA:527,52
DA:529,52
DA:531,48
DA:532,48
DA:534,152
DA:535,48
DA:537,48
DA:538,48
DA:542,54
DA:543,14
DA:544,34
DA:545,6
DA:550,16
DA:551,7
DA:552,2
DA:553,0
DA:557,4
DA:558,4
DA:561,4
DA:562,8
DA:563,8
DA:564,0
DA:566,4
DA:567,8
DA:568,8
DA:569,0
DA:571,4
DA:594,10
DA:595,1
DA:602,19
DA:604,9
DA:605,1
DA:612,8
DA:614,8
DA:615,25
DA:617,25
DA:618,54
DA:620,4
DA:625,4
DA:626,4
DA:630,25
DA:631,21
DA:632,21
DA:640,8
DA:641,8
DA:643,8
DA:644,21
DA:645,21
DA:646,21
DA:648,21
DA:650,21
DA:656,14
DA:658,8
DA:660,16
DA:669,16
DA:670,16
DA:671,16
DA:674,8
DA:675,0
DA:676,8
DA:677,5
DA:678,3
DA:679,3
DA:681,0
DA:684,8
DA:685,8
DA:687,8
LF:230
LH:179
BRDA:77,0,0,0
BRDA:86,1,0,0
BRDA:86,1,1,0
BRDA:114,2,0,0
BRDA:114,2,1,0
BRDA:179,3,0,0
BRDA:179,3,1,0
BRDA:231,4,0,2
BRDA:231,4,1,12
BRDA:253,5,0,252
BRDA:253,5,1,0
BRDA:262,6,0,9
BRDA:262,6,1,75
BRDA:266,7,0,10
BRDA:266,7,1,74
BRDA:284,8,0,27
BRDA:284,8,1,0
BRDA:299,9,0,12
BRDA:299,9,1,5
BRDA:301,10,0,9
BRDA:301,10,1,5
BRDA:304,11,0,9
BRDA:304,11,1,2
BRDA:324,12,0,0
BRDA:324,12,1,66
BRDA:327,13,0,0
BRDA:327,13,1,66
BRDA:341,14,0,133
BRDA:341,14,1,0
BRDA:348,15,0,133
BRDA:348,15,1,0
BRDA:354,16,0,133
BRDA:354,16,1,0
BRDA:378,17,0,63
BRDA:378,17,1,0
BRDA:381,18,0,21
BRDA:381,18,1,0
BRDA:386,19,0,4
BRDA:386,19,1,17
BRDA:397,20,0,63
BRDA:397,20,1,0
BRDA:404,21,0,21
BRDA:404,21,1,0
BRDA:405,22,0,4
BRDA:405,22,1,17
BRDA:410,23,0,84
BRDA:410,23,1,0
BRDA:425,24,0,3
BRDA:425,24,1,7
BRDA:464,25,0,3
BRDA:464,25,1,7
BRDA:464,26,0,10
BRDA:464,26,1,3
BRDA:475,27,0,1
BRDA:475,27,1,6
BRDA:475,28,0,7
BRDA:475,28,1,1
BRDA:490,29,0,3
BRDA:490,29,1,7
BRDA:502,30,0,10
BRDA:502,30,1,5
[...]
BRF:91
BRH:67
end_of_record
TN:
SF:lib/services/companies-house-api.ts
FN:20,getCompaniesHouseAuthHeader
FN:61,searchOfficers
FN:92,getOfficerAppointments
FN:121,sleep
FN:122,(anonymous_4)
FN:129,extractOfficerId
FN:144,fetchCompaniesHouseProfile
FNF:7
FNH:7
FNDA:24,getCompaniesHouseAuthHeader
FNDA:14,searchOfficers
FNDA:9,getOfficerAppointments
FNDA:6,sleep
FNDA:6,(anonymous_4)
FNDA:4,extractOfficerId
FNDA:6,fetchCompaniesHouseProfile
DA:12,1
DA:21,24
DA:22,24
DA:23,24
DA:62,14
DA:63,14
DA:65,14
DA:72,14
DA:73,2
DA:76,12
DA:77,6
DA:82,6
DA:83,6
DA:95,9
DA:97,9
DA:104,9
DA:105,1
DA:108,8
DA:109,4
DA:114,4
DA:115,4
DA:122,6
DA:130,4
DA:131,4
DA:132,4
DA:148,6
DA:149,6
DA:150,6
DA:152,6
DA:153,6
DA:155,6
DA:156,10
DA:157,10
DA:158,5
DA:159,5
DA:161,5
DA:162,5
DA:163,4
DA:168,6
DA:169,1
DA:172,5
DA:173,2
DA:176,3
DA:177,4
DA:178,4
DA:180,4
DA:181,4
DA:183,4
DA:184,6
DA:185,6
DA:186,3
DA:187,3
DA:189,3
DA:190,3
DA:191,2
DA:196,4
DA:197,1
DA:201,1
DA:204,3
DA:205,3
DA:206,3
DA:207,3
DA:208,3
DA:209,3
DA:210,3
DA:212,3
DA:216,3
DA:226,3
DA:236,3
LF:69
LH:69
BRDA:21,0,0,24
BRDA:21,0,1,0
BRDA:72,1,0,2
BRDA:72,1,1,12
BRDA:76,2,0,6
BRDA:76,2,1,6
BRDA:83,3,0,6
BRDA:83,3,1,1
BRDA:104,4,0,1
BRDA:104,4,1,8
BRDA:108,5,0,4
BRDA:108,5,1,4
BRDA:115,6,0,4
BRDA:115,6,1,0
BRDA:130,7,0,0
BRDA:130,7,1,4
BRDA:132,8,0,4
BRDA:132,8,1,0
BRDA:161,9,0,5
BRDA:161,9,1,0
BRDA:162,10,0,4
BRDA:162,10,1,1
BRDA:168,11,0,1
BRDA:168,11,1,5
BRDA:172,12,0,2
BRDA:172,12,1,3
BRDA:178,13,0,0
BRDA:178,13,1,4
BRDA:189,14,0,3
BRDA:189,14,1,0
BRDA:190,15,0,2
BRDA:190,15,1,1
BRDA:196,16,0,1
BRDA:196,16,1,3
BRDA:205,17,0,3
BRDA:205,17,1,0
BRDA:206,18,0,3
BRDA:206,18,1,0
BRDA:207,19,0,3
BRDA:207,19,1,0
BRDA:208,20,0,3
BRDA:208,20,1,0
BRDA:212,21,0,3
BRDA:212,21,1,0
BRF:44
BRH:32
end_of_record
TN:
SF:lib/services/credit-service.ts
FN:15,getClient
FN:19,updateCreditBatch
FN:29,updateUserCredits
FN:39,insertCreditTransaction
FN:48,insertCreditBatch
FN:57,insertUserCredits
FN:69,getBalance
FN:88,hasCredits
FN:97,deductCredits
FN:154,addCredits
FN:202,refundCredits
FN:251,expireOldCredits
FN:295,(anonymous_12)
FN:303,getExpiringCreditsWarnings
FN:348,(anonymous_14)
FN:358,sendExpiryWarningNotifications
FNF:16
FNH:15
FNDA:93,getClient
FNDA:9,updateCreditBatch
FNDA:10,updateUserCredits
FNDA:17,insertCreditTransaction
FNDA:9,insertCreditBatch
FNDA:7,insertUserCredits
FNDA:18,getBalance
FNDA:5,hasCredits
FNDA:6,deductCredits
FNDA:5,addCredits
FNDA:4,refundCredits
FNDA:4,expireOldCredits
FNDA:4,(anonymous_12)
FNDA:4,getExpiringCreditsWarnings
FNDA:3,(anonymous_14)
FNDA:0,sendExpiryWarningNotifications
DA:16,93
DA:20,9
DA:22,9
DA:26,9
DA:30,10
DA:32,10
DA:36,10
DA:40,17
DA:42,17
DA:45,17
DA:49,9
DA:51,9
DA:54,9
DA:58,7
DA:60,7
DA:63,7
DA:70,18
DA:72,18
DA:78,18
DA:79,0
DA:82,18
DA:89,5
DA:90,5
DA:103,6
DA:105,6
DA:106,6
DA:107,2
DA:110,4
DA:112,4
DA:120,4
DA:121,0
DA:124,4
DA:126,4
DA:127,4
DA:128,6
DA:130,5
DA:131,5
DA:133,5
DA:135,5
DA:138,4
DA:140,4
DA:148,4
DA:161,5
DA:162,5
DA:164,5
DA:170,5
DA:171,0
DA:174,5
DA:176,5
DA:177,1
DA:179,4
DA:182,5
DA:188,5
DA:208,4
DA:210,4
DA:216,4
DA:217,0
DA:220,4
DA:221,4
DA:223,4
DA:224,1
DA:226,3
DA:229,4
DA:230,4
DA:232,4
DA:238,4
DA:252,4
DA:253,4
DA:255,4
DA:261,4
DA:262,0
DA:265,4
DA:267,4
DA:268,1
DA:271,3
DA:273,3
DA:274,4
DA:275,4
DA:277,4
DA:280,3
DA:281,4
DA:282,4
DA:283,4
DA:285,4
DA:293,3
DA:295,4
DA:306,4
DA:307,4
DA:308,4
DA:309,4
DA:311,4
DA:319,4
DA:320,0
DA:323,4
DA:325,4
DA:326,1
DA:329,3
DA:331,3
DA:332,4
DA:333,4
DA:335,4
DA:336,1
DA:337,1
DA:338,0
DA:341,3
DA:348,3
DA:359,0
DA:361,0
DA:362,0
LF:109
LH:99
BRDA:26,0,0,0
BRDA:26,0,1,9
BRDA:36,1,0,0
BRDA:36,1,1,10
BRDA:45,2,0,0
BRDA:45,2,1,17
BRDA:54,3,0,0
BRDA:54,3,1,9
BRDA:63,4,0,0
BRDA:63,4,1,7
BRDA:78,5,0,0
BRDA:78,5,1,18
BRDA:82,6,0,18
BRDA:82,6,1,3
BRDA:106,7,0,2
BRDA:106,7,1,4
BRDA:120,8,0,0
BRDA:120,8,1,4
BRDA:127,9,0,4
BRDA:127,9,1,0
BRDA:128,10,0,1
BRDA:128,10,1,5
BRDA:170,11,0,0
BRDA:170,11,1,5
BRDA:176,12,0,1
BRDA:176,12,1,4
BRDA:192,13,0,4
BRDA:192,13,1,1
BRDA:216,14,0,0
BRDA:216,14,1,4
BRDA:221,15,0,4
BRDA:221,15,1,3
BRDA:223,16,0,1
BRDA:223,16,1,3
BRDA:261,17,0,0
BRDA:261,17,1,4
BRDA:267,18,0,1
BRDA:267,18,1,3
BRDA:267,19,0,4
BRDA:267,19,1,4
BRDA:274,20,0,4
BRDA:274,20,1,4
BRDA:319,21,0,0
BRDA:319,21,1,4
BRDA:325,22,0,1
BRDA:325,22,1,3
BRDA:325,23,0,4
BRDA:325,23,1,4
BRDA:335,24,0,1
BRDA:335,24,1,3
BRDA:337,25,0,0
BRDA:337,25,1,1
BRF:52
BRH:39
end_of_record
TN:
SF:lib/services/feedback-screening.ts
FN:22,buildPrompt
FN:78,screenFeedback
FN:132,defaultPendingResult
FNF:3
FNH:3
FNDA:22,buildPrompt
FNDA:22,screenFeedback
FNDA:5,defaultPendingResult
DA:23,22
DA:47,22
DA:49,12
DA:58,6
DA:67,4
DA:82,22
DA:83,22
DA:87,22
DA:89,22
DA:101,21
DA:103,22
DA:104,22
DA:105,2
DA:106,2
DA:109,19
DA:111,19
DA:116,2
DA:117,2
DA:120,17
DA:127,1
DA:128,1
DA:133,5
LF:22
LH:22
BRDA:47,0,0,12
BRDA:47,0,1,6
BRDA:47,0,2,4
BRDA:51,1,0,12
BRDA:51,1,1,1
BRDA:52,2,0,12
BRDA:52,2,1,7
BRDA:60,3,0,6
BRDA:60,3,1,2
BRDA:61,4,0,6
BRDA:61,4,1,1
BRDA:69,5,0,4
BRDA:69,5,1,1
BRDA:70,6,0,4
BRDA:70,6,1,1
BRDA:71,7,0,4
BRDA:71,7,1,0
BRDA:101,8,0,20
BRDA:101,8,1,1
BRDA:104,9,0,2
BRDA:104,9,1,20
BRDA:111,10,0,2
BRDA:111,10,1,17
BRDA:112,11,0,19
BRDA:112,11,1,18
BRDA:112,11,2,18
BRF:26
BRH:25
end_of_record
TN:
SF:lib/services/payment-retry-service.ts
FN:24,getClient
FN:28,insertPaymentRetry
FN:37,updatePaymentRetry
FN:59,createPaymentRetry
FN:88,getPaymentRetryByPaymentIntent
FN:109,getPendingRetries
FN:130,processRetry
FN:143,(anonymous_7)
FN:219,processAllPendingRetries
FN:258,handlePaymentFailure
FN:308,sendPaymentFailureNotification
FN:321,markRetrySucceeded
FN:338,getUserPendingRetries
FNF:13
FNH:13
FNDA:36,getClient
FNDA:5,insertPaymentRetry
FNDA:11,updatePaymentRetry
FNDA:5,createPaymentRetry
FNDA:8,getPaymentRetryByPaymentIntent
FNDA:7,getPendingRetries
FNDA:4,processRetry
FNDA:4,(anonymous_7)
FNDA:2,processAllPendingRetries
FNDA:3,handlePaymentFailure
FNDA:2,sendPaymentFailureNotification
FNDA:3,markRetrySucceeded
FNDA:5,getUserPendingRetries
DA:17,1
DA:22,1
DA:25,36
DA:29,5
DA:31,5
DA:34,5
DA:47,11
DA:49,11
DA:53,11
DA:65,5
DA:66,5
DA:68,5
DA:79,5
DA:91,8
DA:93,8
DA:99,8
DA:100,0
DA:103,8
DA:110,7
DA:111,7
DA:113,7
DA:120,7
DA:121,0
DA:124,7
DA:131,4
DA:132,4
DA:133,4
DA:135,4
DA:136,4
DA:142,4
DA:143,4
DA:151,4
DA:152,2
DA:153,0
DA:159,2
DA:162,2
DA:163,1
DA:169,1
DA:173,1
DA:176,1
DA:179,3
DA:181,3
DA:182,1
DA:188,1
DA:193,1
DA:195,1
DA:198,2
DA:200,2
DA:206,2
DA:211,2
DA:225,2
DA:227,2
DA:228,2
DA:229,2
DA:231,2
DA:232,0
DA:234,0
DA:235,0
DA:237,0
DA:238,0
DA:239,0
DA:241,0
DA:246,2
DA:264,3
DA:266,3
DA:267,2
DA:268,2
DA:270,2
DA:271,1
DA:279,1
DA:284,1
DA:286,1
DA:288,1
DA:295,1
DA:300,1
DA:312,2
DA:322,3
DA:324,3
DA:325,1
DA:331,1
DA:339,5
DA:341,5
DA:348,5
DA:349,0
DA:352,5
LF:85
LH:74
BRDA:34,0,0,0
BRDA:34,0,1,5
BRDA:53,1,0,0
BRDA:53,1,1,11
BRDA:99,2,0,0
BRDA:99,2,1,8
BRDA:120,3,0,0
BRDA:120,3,1,7
BRDA:124,4,0,7
BRDA:124,4,1,0
BRDA:151,5,0,2
BRDA:151,5,1,2
BRDA:152,6,0,0
BRDA:152,6,1,2
BRDA:162,7,0,1
BRDA:162,7,1,1
BRDA:179,8,0,3
BRDA:179,8,1,0
BRDA:181,9,0,1
BRDA:181,9,1,2
BRDA:234,10,0,0
BRDA:234,10,1,0
BRDA:238,11,0,0
BRDA:238,11,1,0
BRDA:266,12,0,2
BRDA:266,12,1,1
BRDA:270,13,0,1
BRDA:270,13,1,1
BRDA:324,14,0,1
BRDA:324,14,1,2
BRDA:324,15,0,3
BRDA:324,15,1,2
BRDA:348,16,0,0
BRDA:348,16,1,5
BRDA:352,17,0,5
BRDA:352,17,1,0
BRF:36
BRH:23
end_of_record
TN:
SF:lib/services/quality-gate-metrics.ts
FN:26,createExecutionContext
FN:36,logPipelineStep
FN:72,logQualityGateDecision
FN:121,calculateQualityGateMetrics
FN:145,(anonymous_4)
FN:146,(anonymous_5)
FN:147,(anonymous_6)
FN:148,(anonymous_7)
FN:149,(anonymous_8)
FN:150,(anonymous_9)
FN:152,(anonymous_10)
FN:153,(anonymous_11)
FN:204,getEmptyMetrics
FNF:13
FNH:13
FNDA:3,createExecutionContext
FNDA:5,logPipelineStep
FNDA:6,logQualityGateDecision
FNDA:9,calculateQualityGateMetrics
FNDA:15,(anonymous_4)
FNDA:15,(anonymous_5)
FNDA:15,(anonymous_6)
FNDA:15,(anonymous_7)
FNDA:15,(anonymous_8)
FNDA:15,(anonymous_9)
FNDA:15,(anonymous_10)
FNDA:15,(anonymous_11)
FNDA:1,getEmptyMetrics
DA:27,3
DA:45,5
DA:46,5
DA:48,5
DA:58,5
DA:62,5
DA:63,0
DA:65,5
DA:85,6
DA:88,6
DA:91,6
DA:107,6
DA:111,6
DA:112,0
DA:114,6
DA:124,9
DA:126,9
DA:127,9
DA:129,9
DA:134,9
DA:135,0
DA:136,0
DA:139,9
DA:140,9
DA:141,9
DA:142,1
DA:145,15
DA:146,15
DA:147,15
DA:148,15
DA:149,15
DA:150,15
DA:152,15
DA:153,15
DA:155,8
DA:175,8
DA:176,8
DA:177,8
DA:178,8
DA:179,8
DA:181,8
DA:205,1
LF:42
LH:38
BRDA:49,0,0,5
BRDA:49,0,1,4
BRDA:54,1,0,5
BRDA:54,1,1,4
BRDA:62,2,0,0
BRDA:62,2,1,5
BRDA:76,3,0,6
BRDA:88,4,0,3
BRDA:88,4,1,3
BRDA:89,5,0,2
BRDA:89,5,1,1
BRDA:92,6,0,6
BRDA:92,6,1,3
BRDA:95,7,0,6
BRDA:95,7,1,5
BRDA:100,8,0,6
BRDA:100,8,1,5
BRDA:101,9,0,6
BRDA:101,9,1,5
BRDA:102,10,0,1
BRDA:102,10,1,5
BRDA:103,11,0,1
BRDA:103,11,1,5
BRDA:104,12,0,6
BRDA:104,12,1,4
BRDA:111,13,0,0
BRDA:111,13,1,6
BRDA:122,14,0,9
BRDA:134,15,0,0
BRDA:134,15,1,9
BRDA:134,16,0,9
BRDA:134,16,1,9
BRDA:141,17,0,1
BRDA:141,17,1,8
BRDA:152,18,0,15
BRDA:152,18,1,1
BRDA:153,19,0,15
BRDA:153,19,1,1
BRF:38
BRH:35
end_of_record
TN:
SF:lib/services/retry-queue-service.ts
FN:24,addToRetryQueue
FN:63,getNextRetryItem
FN:101,markRetryComplete
FN:164,generateRetryParams
FN:203,mapRowToRetryQueueItem
FNF:5
FNH:5
FNDA:4,addToRetryQueue
FNDA:7,getNextRetryItem
FNDA:4,markRetryComplete
FNDA:41,generateRetryParams
FNDA:4,mapRowToRetryQueueItem
DA:19,2
DA:31,4
DA:33,4
DA:35,4
DA:46,4
DA:50,4
DA:51,0
DA:52,0
DA:55,4
DA:64,7
DA:66,7
DA:68,7
DA:77,7
DA:78,3
DA:79,3
DA:81,0
DA:82,0
DA:85,4
DA:86,0
DA:89,4
DA:90,4
DA:95,4
DA:105,4
DA:107,4
DA:113,4
DA:114,0
DA:115,0
DA:118,4
DA:119,4
DA:122,4
DA:123,2
DA:124,2
DA:125,1
DA:126,1
DA:130,1
DA:131,1
DA:136,4
DA:141,4
DA:142,1
DA:143,1
DA:146,4
DA:151,4
DA:152,0
DA:153,0
DA:156,4
DA:165,41
DA:168,41
DA:171,41
DA:174,41
DA:177,41
DA:178,16
DA:179,16
DA:182,41
DA:183,11
DA:184,11
DA:187,41
DA:188,12
DA:195,41
DA:196,9
DA:197,9
DA:200,41
DA:206,4
LF:62
LH:53
BRDA:50,0,0,0
BRDA:50,0,1,4
BRDA:77,1,0,3
BRDA:77,1,1,4
BRDA:78,2,0,3
BRDA:78,2,1,0
BRDA:85,3,0,0
BRDA:85,3,1,4
BRDA:113,4,0,0
BRDA:113,4,1,4
BRDA:118,5,0,4
BRDA:118,5,1,0
BRDA:122,6,0,2
BRDA:122,6,1,2
BRDA:124,7,0,1
BRDA:124,7,1,1
BRDA:141,8,0,1
BRDA:141,8,1,3
BRDA:151,9,0,0
BRDA:151,9,1,4
BRDA:168,10,0,41
BRDA:168,10,1,29
BRDA:171,11,0,41
BRDA:171,11,1,37
BRDA:174,12,0,41
BRDA:174,12,1,37
BRDA:177,13,0,16
BRDA:177,13,1,25
BRDA:182,14,0,11
BRDA:182,14,1,30
BRDA:187,15,0,12
BRDA:187,15,1,29
BRDA:195,16,0,9
BRDA:195,16,1,32
BRDA:195,17,0,41
BRDA:195,17,1,25
BRDA:195,17,2,17
BRDA:208,18,0,4
BRDA:208,18,1,1
BRDA:210,19,0,4
BRDA:210,19,1,0
BRF:41
BRH:34
end_of_record
TN:
SF:lib/services/uk-public-data-service.ts
FN:42,normalizeCacheKey
FN:50,getCacheKey
FN:89,isRecoverableError
FN:114,getErrorType
FN:122,safeDataSourceCall
FN:170,fetchUKPublicData
FN:181,(anonymous_6)
FN:184,(anonymous_7)
FN:194,(anonymous_8)
FN:197,(anonymous_9)
FN:207,(anonymous_10)
FN:210,(anonymous_11)
FN:220,(anonymous_12)
FN:223,(anonymous_13)
FN:236,(anonymous_14)
FN:239,(anonymous_15)
FNF:16
FNH:16
FNDA:45,normalizeCacheKey
FNDA:39,getCacheKey
FNDA:12,isRecoverableError
FNDA:6,getErrorType
FNDA:39,safeDataSourceCall
FNDA:8,fetchUKPublicData
FNDA:8,(anonymous_6)
FNDA:7,(anonymous_7)
FNDA:8,(anonymous_8)
FNDA:7,(anonymous_9)
FNDA:8,(anonymous_10)
FNDA:7,(anonymous_11)
FNDA:8,(anonymous_12)
FNDA:7,(anonymous_13)
FNDA:7,(anonymous_14)
FNDA:6,(anonymous_15)
DA:30,1
DA:43,45
DA:51,39
DA:90,12
DA:93,12
DA:94,10
DA:95,8
DA:96,6
DA:97,6
DA:98,4
DA:99,4
DA:102,4
DA:103,2
DA:104,0
DA:107,0
DA:115,6
DA:129,39
DA:130,39
DA:132,6
DA:133,6
DA:134,6
DA:137,6
DA:151,6
DA:156,6
DA:174,8
DA:175,8
DA:176,8
DA:179,8
DA:181,8
DA:184,7
DA:192,8
DA:194,8
DA:197,7
DA:205,8
DA:207,8
DA:210,7
DA:218,8
DA:220,8
DA:223,7
DA:233,8
DA:236,7
DA:239,6
DA:248,8
DA:249,1
DA:250,1
DA:255,8
DA:264,8
DA:265,6
DA:266,6
DA:270,8
DA:271,7
DA:272,7
DA:276,8
DA:277,7
DA:278,7
DA:282,8
DA:283,7
DA:284,7
DA:288,8
DA:289,6
DA:290,6
DA:293,8
LF:62
LH:60
BRDA:93,0,0,2
BRDA:93,0,1,10
BRDA:94,1,0,2
BRDA:94,1,1,8
BRDA:95,2,0,2
BRDA:95,2,1,6
BRDA:96,3,0,0
BRDA:96,3,1,6
BRDA:97,4,0,2
BRDA:97,4,1,4
BRDA:98,5,0,0
BRDA:98,5,1,4
BRDA:99,6,0,0
BRDA:99,6,1,4
BRDA:102,7,0,2
BRDA:102,7,1,2
BRDA:103,8,0,2
BRDA:103,8,1,0
BRDA:104,9,0,0
BRDA:104,9,1,0
BRDA:115,10,0,4
BRDA:115,10,1,2
BRDA:132,11,0,6
BRDA:132,11,1,0
BRDA:233,12,0,7
BRDA:233,12,1,1
BRDA:248,13,0,1
BRDA:248,13,1,7
BRDA:264,14,0,6
BRDA:264,14,1,2
BRDA:270,15,0,7
BRDA:270,15,1,1
BRDA:276,16,0,7
BRDA:276,16,1,1
BRDA:282,17,0,7
BRDA:282,17,1,1
BRDA:288,18,0,6
BRDA:288,18,1,2
BRF:38
BRH:31
end_of_record
TN:
SF:lib/stripe/client.ts
FN:5,getStripe
FN:19,(anonymous_1)
FN:22,(anonymous_2)
FN:25,(anonymous_3)
FN:30,getStripePublishableKey
FNF:5
FNH:5
FNDA:26,getStripe
FNDA:5,(anonymous_1)
FNDA:4,(anonymous_2)
FNDA:4,(anonymous_3)
FNDA:5,getStripePublishableKey
DA:3,31
DA:6,26
DA:7,22
DA:8,7
DA:10,15
DA:15,19
DA:18,31
DA:20,5
DA:23,4
DA:26,4
DA:31,5
DA:32,5
DA:33,3
DA:35,2
LF:14
LH:14
BRDA:6,0,0,22
BRDA:6,0,1,4
BRDA:7,1,0,7
BRDA:7,1,1,15
BRDA:32,2,0,3
BRDA:32,2,1,2
BRF:6
BRH:6
end_of_record
TN:
SF:lib/stripe/safe-stripe-call.ts
FN:37,isStripeServiceError
FN:60,sanitizeStripeError
FN:83,safeStripeCall
FN:127,checkStripeHealth
FNF:4
FNH:4
FNDA:35,isStripeServiceError
FNDA:20,sanitizeStripeError
FNDA:22,safeStripeCall
FNDA:1,checkStripeHealth
DA:24,1
DA:31,1
DA:38,35
DA:40,33
DA:42,33
DA:43,8
DA:46,25
DA:47,6
DA:50,19
DA:51,35
DA:61,20
DA:62,2
DA:65,18
DA:68,18
DA:69,3
DA:72,15
DA:73,12
DA:77,3
DA:87,22
DA:88,22
DA:90,2
DA:96,20
DA:97,20
DA:100,20
DA:114,20
DA:116,20
DA:128,1
DA:130,1
DA:131,1
DA:134,1
DA:135,1
DA:137,0
LF:32
LH:31
BRDA:38,0,0,2
BRDA:38,0,1,33
BRDA:38,1,0,35
BRDA:38,1,1,34
BRDA:42,2,0,8
BRDA:42,2,1,25
BRDA:42,3,0,33
BRDA:42,3,1,13
BRDA:46,4,0,6
BRDA:46,4,1,19
BRDA:46,5,0,25
BRDA:46,5,1,6
BRDA:50,6,0,19
BRDA:50,6,1,1
BRDA:52,7,0,35
BRDA:52,7,1,17
BRDA:52,7,2,15
BRDA:52,7,3,13
BRDA:52,7,4,11
BRDA:61,8,0,2
BRDA:61,8,1,18
BRDA:61,9,0,20
BRDA:61,9,1,19
BRDA:68,10,0,3
BRDA:68,10,1,15
BRDA:69,11,0,3
BRDA:69,11,1,1
BRDA:72,12,0,12
BRDA:72,12,1,3
BRDA:114,13,0,1
BRDA:114,13,1,19
BRF:31
BRH:31
end_of_record
TN:
SF:lib/supabase/browser.ts
FN:10,createBrowserClient
FN:16,(anonymous_1)
FN:19,(anonymous_2)
FN:22,(anonymous_3)
FN:31,(anonymous_4)
FNF:5
FNH:5
FNDA:21,createBrowserClient
FNDA:13,(anonymous_1)
FNDA:19,(anonymous_2)
FNDA:7,(anonymous_3)
FNDA:2,(anonymous_4)
DA:11,21
DA:18,13
DA:19,19
DA:20,13
DA:24,7
DA:25,7
DA:26,7
DA:27,7
DA:28,7
DA:29,7
DA:33,2
DA:34,2
DA:35,2
LF:13
LH:13
BRDA:20,0,0,10
BRDA:20,0,1,3
BRDA:25,1,0,2
BRDA:25,1,1,5
BRDA:26,2,0,2
BRDA:26,2,1,5
BRDA:27,3,0,2
BRDA:27,3,1,5
BRDA:28,4,0,2
BRDA:28,4,1,5
BRDA:34,5,0,1
BRDA:34,5,1,1
BRF:12
BRH:12
end_of_record
TN:
SF:lib/supabase/client.ts
FN:475,createBrowserClient
FN:486,createServerSupabaseClient
FN:494,(anonymous_2)
FN:497,(anonymous_3)
FN:504,(anonymous_4)
FN:523,createServiceRoleClient
FN:543,withRetry
FN:569,(anonymous_7)
FN:579,getCurrentUser
FN:590,requireAuth
FNF:10
FNH:10
FNDA:1,createBrowserClient
FNDA:11,createServerSupabaseClient
FNDA:2,(anonymous_2)
FNDA:2,(anonymous_3)
FNDA:2,(anonymous_4)
FNDA:3,createServiceRoleClient
FNDA:11,withRetry
FNDA:11,(anonymous_7)
FNDA:4,getCurrentUser
FNDA:2,requireAuth
DA:476,1
DA:487,11
DA:489,11
DA:495,2
DA:498,2
DA:499,2
DA:505,2
DA:506,2
DA:521,26
DA:524,3
DA:525,2
DA:536,3
DA:550,11
DA:551,22
DA:552,22
DA:554,15
DA:557,15
DA:563,15
DA:564,4
DA:567,11
DA:568,11
DA:569,11
DA:573,11
DA:580,4
DA:583,4
DA:584,4
DA:591,2
DA:592,2
DA:593,1
DA:595,1
LF:30
LH:30
BRDA:524,0,0,2
BRDA:524,0,1,1
BRDA:545,1,0,11
BRDA:546,2,0,11
BRDA:554,3,0,14
BRDA:554,3,1,1
BRDA:557,4,0,15
BRDA:557,4,1,6
BRDA:557,4,2,5
BRDA:557,4,3,4
BRDA:557,4,4,3
BRDA:563,5,0,4
BRDA:563,5,1,11
BRDA:563,6,0,15
BRDA:563,6,1,13
BRDA:592,7,0,1
BRDA:592,7,1,1
BRF:17
BRH:17
end_of_record
TN:
SF:lib/supabase/safe-query 2.ts
FN:35,isConnectionError
FN:52,safeQuery
FN:131,safeQueryAll
FN:136,(anonymous_3)
FNF:4
FNH:4
FNDA:45,isConnectionError
FNDA:65,safeQuery
FNDA:11,safeQueryAll
FNDA:23,(anonymous_3)
DA:24,1
DA:36,45
DA:37,8
DA:39,37
DA:40,45
DA:56,65
DA:57,65
DA:59,56
DA:60,36
DA:62,36
DA:77,36
DA:79,36
DA:90,20
DA:96,9
DA:97,9
DA:99,9
DA:113,9
DA:115,9
DA:135,11
DA:136,23
DA:138,11
LF:21
LH:21
BRDA:36,0,0,8
BRDA:36,0,1,37
BRDA:36,1,0,45
BRDA:36,1,1,15
BRDA:39,2,0,37
BRDA:39,2,1,0
BRDA:41,3,0,45
BRDA:41,3,1,32
BRDA:41,3,2,30
BRDA:41,3,3,29
BRDA:41,3,4,28
BRDA:59,4,0,36
BRDA:59,4,1,20
BRDA:66,5,0,36
BRDA:66,5,1,33
BRDA:82,6,0,17
BRDA:82,6,1,19
BRDA:96,7,0,5
BRDA:96,7,1,4
BRDA:103,8,0,9
BRDA:103,8,1,8
BRDA:118,9,0,1
BRDA:118,9,1,8
BRF:23
BRH:22
end_of_record
TN:
SF:lib/supabase/safe-query.ts
FN:44,isConnectionError
FN:61,logQueryPerformance
FN:96,safeQuery
FN:198,safeQueryAll
FN:203,(anonymous_4)
FN:212,trackedQuery
FNF:6
FNH:6
FNDA:18,isConnectionError
FNDA:30,logQueryPerformance
FNDA:30,safeQuery
FNDA:3,safeQueryAll
FNDA:5,(anonymous_4)
FNDA:3,trackedQuery
DA:30,1
DA:41,1
DA:42,1
DA:45,18
DA:46,4
DA:48,14
DA:49,18
DA:68,30
DA:70,30
DA:71,0
DA:74,0
DA:86,30
DA:87,1
DA:104,30
DA:106,30
DA:108,30
DA:109,30
DA:110,26
DA:112,26
DA:113,14
DA:115,14
DA:131,14
DA:133,14
DA:139,14
DA:141,14
DA:149,12
DA:151,12
DA:158,4
DA:159,4
DA:160,4
DA:162,4
DA:177,4
DA:179,4
DA:181,4
DA:202,3
DA:203,5
DA:205,3
DA:216,3
DA:217,3
LF:39
LH:37
BRDA:45,0,0,4
BRDA:45,0,1,14
BRDA:45,1,0,18
BRDA:45,1,1,6
BRDA:48,2,0,14
BRDA:48,2,1,0
BRDA:50,3,0,18
BRDA:50,3,1,12
BRDA:50,3,2,11
BRDA:50,3,3,10
BRDA:50,3,4,9
BRDA:70,4,0,0
BRDA:70,4,1,30
BRDA:86,5,0,1
BRDA:86,5,1,29
BRDA:102,6,0,30
BRDA:103,7,0,30
BRDA:112,8,0,14
BRDA:112,8,1,12
BRDA:119,9,0,14
BRDA:119,9,1,14
BRDA:134,10,0,9
BRDA:134,10,1,5
BRDA:159,11,0,2
BRDA:159,11,1,2
BRDA:166,12,0,4
BRDA:166,12,1,4
BRDA:184,13,0,1
BRDA:184,13,1,3
BRF:29
BRH:27
end_of_record
TN:
SF:lib/supabase/types.ts
FNF:0
FNH:0
LF:0
LH:0
BRF:0
BRH:0
end_of_record
TN:
SF:lib/swr/config.ts
FNF:0
FNH:0
DA:4,1
LF:1
LH:1
BRF:0
BRH:0
end_of_record
TN:
SF:lib/swr/fetcher.ts
FN:5,(anonymous_0)
FN:13,fetcher
FNF:2
FNH:2
FNDA:13,(anonymous_0)
FNDA:15,fetcher
DA:6,13
DA:7,13
DA:8,13
DA:9,13
DA:14,15
DA:16,14
DA:18,10
DA:19,10
DA:21,1
DA:23,10
DA:30,4
LF:11
LH:11
BRDA:16,0,0,10
BRDA:16,0,1,4
BRF:2
BRH:2
end_of_record
TN:
SF:lib/user/useUserDisplay.ts
FN:23,useUserDisplay
FN:28,(anonymous_1)
FN:32,(anonymous_2)
FN:50,(anonymous_3)
FN:55,(anonymous_4)
FNF:5
FNH:5
FNDA:25,useUserDisplay
FNDA:13,(anonymous_1)
FNDA:13,(anonymous_2)
FNDA:2,(anonymous_3)
FNDA:13,(anonymous_4)
DA:24,25
DA:25,25
DA:26,25
DA:28,25
DA:29,13
DA:32,13
DA:33,13
DA:36,13
DA:37,12
DA:39,1
DA:41,13
DA:45,13
DA:50,13
DA:51,2
DA:52,2
DA:55,13
DA:56,13
DA:60,25
DA:64,25
LF:19
LH:19
BRDA:51,0,0,2
BRDA:51,0,1,1
BRDA:60,1,0,0
BRDA:60,1,1,25
BRDA:62,2,0,25
BRDA:62,2,1,20
BRDA:65,3,0,25
BRDA:65,3,1,20
BRF:8
BRH:7
end_of_record
TN:
SF:lib/utils/fetcher.ts
FN:11,(anonymous_0)
FN:20,isRetryableStatus
FN:24,shouldRetryFetch
FN:36,fetchWithRetry
FN:42,(anonymous_4)
FNF:5
FNH:4
FNDA:17,(anonymous_0)
FNDA:13,isRetryableStatus
FNDA:0,shouldRetryFetch
FNDA:19,fetchWithRetry
FNDA:19,(anonymous_4)
DA:12,17
DA:13,17
DA:14,17
DA:15,17
DA:16,17
DA:21,13
DA:25,0
DA:26,0
DA:29,0
DA:30,0
DA:33,0
DA:40,19
DA:42,19
DA:43,19
DA:45,19
DA:46,13
DA:52,13
DA:53,7
DA:56,6
DA:57,6
DA:60,6
DA:61,6
DA:64,19
LF:23
LH:18
BRDA:12,0,0,17
BRDA:12,0,1,3
BRDA:21,1,0,13
BRDA:21,1,1,6
BRDA:25,2,0,0
BRDA:25,2,1,0
BRDA:29,3,0,0
BRDA:29,3,1,0
BRDA:38,4,0,19
BRDA:45,5,0,13
BRDA:45,5,1,6
BRDA:52,6,0,7
BRDA:52,6,1,6
BRF:13
BRH:9
end_of_record
TN:
SF:lib/utils/retry.ts
FN:14,addJitter
FN:19,retryWithBackoff
FN:47,(anonymous_2)
FNF:3
FNH:3
FNDA:9,addJitter
FNDA:18,retryWithBackoff
FNDA:9,(anonymous_2)
DA:8,1
DA:15,9
DA:16,9
DA:23,18
DA:24,18
DA:28,18
DA:29,27
DA:30,27
DA:32,15
DA:34,15
DA:35,5
DA:38,10
DA:39,1
DA:42,9
DA:43,9
DA:45,9
DA:47,9
DA:51,14
LF:18
LH:18
BRDA:21,0,0,18
BRDA:34,1,0,5
BRDA:34,1,1,10
BRDA:38,2,0,1
BRDA:38,2,1,9
BRDA:38,3,0,10
BRDA:38,3,1,4
BRF:7
BRH:7
end_of_record
TN:
SF:lib/validation/admin-schemas.ts
FNF:0
FNH:0
DA:7,1
LF:1
LH:1
BRF:0
BRH:0
end_of_record
TN:
SF:lib/validation/brief-schemas.ts
FNF:0
FNH:0
DA:6,4
DA:14,4
DA:28,4
DA:38,4
DA:45,4
LF:5
LH:5
BRF:0
BRH:0
end_of_record
